  [1m[35m (0.3ms)[0m  [1m[34mSELECT pg_try_advisory_lock(3978878207179910370)[0m
  [1m[35m (1.0ms)[0m  [1m[34mSELECT "schema_migrations"."version" FROM "schema_migrations" ORDER BY "schema_migrations"."version" ASC[0m
  [1m[36mActiveRecord::InternalMetadata Load (1.9ms)[0m  [1m[34mSELECT  "ar_internal_metadata".* FROM "ar_internal_metadata" WHERE "ar_internal_metadata"."key" = $1 LIMIT $2[0m  [["key", "environment"], ["LIMIT", 1]]
  [1m[35m (0.2ms)[0m  [1m[35mBEGIN[0m
  [1m[35m (0.1ms)[0m  [1m[35mCOMMIT[0m
  [1m[35m (0.2ms)[0m  [1m[34mSELECT pg_advisory_unlock(3978878207179910370)[0m
  [1m[35m (0.2ms)[0m  [1m[34mSELECT "schema_migrations"."version" FROM "schema_migrations" ORDER BY "schema_migrations"."version" ASC[0m
Started GET "/" for 127.0.0.1 at 2018-10-27 13:36:09 +0100
  [1m[35m (0.9ms)[0m  [1m[34mSELECT "schema_migrations"."version" FROM "schema_migrations" ORDER BY "schema_migrations"."version" ASC[0m
Processing by WelcomeController#index as HTML
  Rendering welcome/index.erb within layouts/application
  Rendered welcome/index.erb within layouts/application (641.9ms)
Completed 200 OK in 711ms (Views: 705.7ms | ActiveRecord: 0.0ms)


Started GET "/assets/jquery.self-bd7ddd393353a8d2480a622e80342adf488fb6006d667e8b42e4c0073393abee.js?body=1" for 127.0.0.1 at 2018-10-27 13:36:10 +0100
Started GET "/assets/widgets.self-877aef30ae1b040ab8a3aba4e3e309a11d7f2612f44dde450b5c157aa5f95c05.js?body=1" for 127.0.0.1 at 2018-10-27 13:36:10 +0100
Started GET "/assets/welcome.self-877aef30ae1b040ab8a3aba4e3e309a11d7f2612f44dde450b5c157aa5f95c05.js?body=1" for 127.0.0.1 at 2018-10-27 13:36:10 +0100
Started GET "/assets/scaffolds.self-e3b0c44298fc1c149afbf4c8996fb92427ae41e4649b934ca495991b7852b855.css?body=1" for 127.0.0.1 at 2018-10-27 13:36:10 +0100
Started GET "/assets/theme.self-987d5282dd7c501fb9818559a617b759e7053b4a87617f02dc458476c81db6a0.css?body=1" for 127.0.0.1 at 2018-10-27 13:36:10 +0100
Started GET "/assets/welcome.self-e3b0c44298fc1c149afbf4c8996fb92427ae41e4649b934ca495991b7852b855.css?body=1" for 127.0.0.1 at 2018-10-27 13:36:10 +0100
Started GET "/assets/widgets.self-e3b0c44298fc1c149afbf4c8996fb92427ae41e4649b934ca495991b7852b855.css?body=1" for 127.0.0.1 at 2018-10-27 13:36:10 +0100
Started GET "/assets/application.self-565a90fd247bd9ef75cf5f71be1e11e37c3ad80695d8bdfb331fe844afbe0a9e.css?body=1" for 127.0.0.1 at 2018-10-27 13:36:10 +0100
Started GET "/assets/lang-logo-975635515a3eba8a4dbe12956ddcce29610bf587eba6f72c1a66e6a4c97dce44.png" for 127.0.0.1 at 2018-10-27 13:36:10 +0100
Started GET "/assets/jquery_ujs.self-784a997f6726036b1993eb2217c9cb558e1cbb801c6da88105588c56f13b466a.js?body=1" for 127.0.0.1 at 2018-10-27 13:36:10 +0100
Started GET "/assets/turbolinks.self-2db6ec539b9190f75e1d477b305df53d12904d5cafdd47c7ffd91ba25cbec128.js?body=1" for 127.0.0.1 at 2018-10-27 13:36:10 +0100
Started GET "/assets/application.self-85a3df08aab34bc6a22c0cf18bd349b5a3fda5edca3e6dead5e0390446173b12.js?body=1" for 127.0.0.1 at 2018-10-27 13:36:10 +0100
  [1m[35m (1.4ms)[0m  [1m[34mSELECT "schema_migrations"."version" FROM "schema_migrations" ORDER BY "schema_migrations"."version" ASC[0m
  [1m[35m (53.4ms)[0m  [1m[34mSELECT "schema_migrations"."version" FROM "schema_migrations" ORDER BY "schema_migrations"."version" ASC[0m
  [1m[35m (53.4ms)[0m  [1m[34mSELECT "schema_migrations"."version" FROM "schema_migrations" ORDER BY "schema_migrations"."version" ASC[0m
Started GET "/widgets" for 127.0.0.1 at 2018-10-27 13:36:14 +0100
Processing by WidgetsController#index as HTML
  Rendering widgets/index.html.erb within layouts/application
  [1m[36mWidget Load (0.8ms)[0m  [1m[34mSELECT "widgets".* FROM "widgets"[0m
  Rendered widgets/index.html.erb within layouts/application (6.3ms)
Completed 200 OK in 47ms (Views: 35.4ms | ActiveRecord: 3.8ms)


Started GET "/" for 127.0.0.1 at 2018-10-27 14:03:51 +0100
  [1m[35m (0.8ms)[0m  [1m[34mSELECT "schema_migrations"."version" FROM "schema_migrations" ORDER BY "schema_migrations"."version" ASC[0m
Processing by WelcomeController#index as HTML
  Rendering welcome/index.erb within layouts/application
  Rendered welcome/index.erb within layouts/application (123.0ms)
Completed 200 OK in 166ms (Views: 159.9ms | ActiveRecord: 0.0ms)


Started GET "/assets/welcome.self-877aef30ae1b040ab8a3aba4e3e309a11d7f2612f44dde450b5c157aa5f95c05.js?body=1" for 127.0.0.1 at 2018-10-27 14:03:52 +0100
Started GET "/assets/welcome.self-e3b0c44298fc1c149afbf4c8996fb92427ae41e4649b934ca495991b7852b855.css?body=1" for 127.0.0.1 at 2018-10-27 14:03:52 +0100
Started GET "/assets/theme.self-987d5282dd7c501fb9818559a617b759e7053b4a87617f02dc458476c81db6a0.css?body=1" for 127.0.0.1 at 2018-10-27 14:03:52 +0100
Started GET "/assets/widgets.self-e3b0c44298fc1c149afbf4c8996fb92427ae41e4649b934ca495991b7852b855.css?body=1" for 127.0.0.1 at 2018-10-27 14:03:52 +0100
Started GET "/assets/application.self-565a90fd247bd9ef75cf5f71be1e11e37c3ad80695d8bdfb331fe844afbe0a9e.css?body=1" for 127.0.0.1 at 2018-10-27 14:03:52 +0100
Started GET "/assets/lang-logo-975635515a3eba8a4dbe12956ddcce29610bf587eba6f72c1a66e6a4c97dce44.png" for 127.0.0.1 at 2018-10-27 14:03:52 +0100
Started GET "/assets/application.self-85a3df08aab34bc6a22c0cf18bd349b5a3fda5edca3e6dead5e0390446173b12.js?body=1" for 127.0.0.1 at 2018-10-27 14:03:52 +0100
Started GET "/assets/widgets.self-877aef30ae1b040ab8a3aba4e3e309a11d7f2612f44dde450b5c157aa5f95c05.js?body=1" for 127.0.0.1 at 2018-10-27 14:03:52 +0100
Started GET "/assets/scaffolds.self-e3b0c44298fc1c149afbf4c8996fb92427ae41e4649b934ca495991b7852b855.css?body=1" for 127.0.0.1 at 2018-10-27 14:03:52 +0100
  [1m[35m (1.0ms)[0m  [1m[34mSELECT "schema_migrations"."version" FROM "schema_migrations" ORDER BY "schema_migrations"."version" ASC[0m
  [1m[35m (94.7ms)[0m  [1m[34mSELECT "schema_migrations"."version" FROM "schema_migrations" ORDER BY "schema_migrations"."version" ASC[0m
  [1m[35m (95.1ms)[0m  [1m[34mSELECT "schema_migrations"."version" FROM "schema_migrations" ORDER BY "schema_migrations"."version" ASC[0m
Started GET "/articles/new" for 127.0.0.1 at 2018-10-27 14:05:02 +0100
  
ActionController::RoutingError (No route matches [GET] "/articles/new"):
  
actionpack (5.1.4) lib/action_dispatch/middleware/debug_exceptions.rb:63:in `call'
actionpack (5.1.4) lib/action_dispatch/middleware/show_exceptions.rb:31:in `call'
railties (5.1.4) lib/rails/rack/logger.rb:36:in `call_app'
railties (5.1.4) lib/rails/rack/logger.rb:24:in `block in call'
activesupport (5.1.4) lib/active_support/tagged_logging.rb:69:in `block in tagged'
activesupport (5.1.4) lib/active_support/tagged_logging.rb:26:in `tagged'
activesupport (5.1.4) lib/active_support/tagged_logging.rb:69:in `tagged'
railties (5.1.4) lib/rails/rack/logger.rb:24:in `call'
actionpack (5.1.4) lib/action_dispatch/middleware/remote_ip.rb:79:in `call'
actionpack (5.1.4) lib/action_dispatch/middleware/request_id.rb:25:in `call'
rack (2.0.3) lib/rack/method_override.rb:22:in `call'
rack (2.0.3) lib/rack/runtime.rb:22:in `call'
activesupport (5.1.4) lib/active_support/cache/strategy/local_cache_middleware.rb:27:in `call'
actionpack (5.1.4) lib/action_dispatch/middleware/executor.rb:12:in `call'
actionpack (5.1.4) lib/action_dispatch/middleware/static.rb:125:in `call'
rack (2.0.3) lib/rack/sendfile.rb:111:in `call'
railties (5.1.4) lib/rails/engine.rb:522:in `call'
puma (3.11.2) lib/puma/configuration.rb:225:in `call'
puma (3.11.2) lib/puma/server.rb:624:in `handle_request'
puma (3.11.2) lib/puma/server.rb:438:in `process_client'
puma (3.11.2) lib/puma/server.rb:302:in `block in run'
puma (3.11.2) lib/puma/thread_pool.rb:120:in `block in spawn_thread'
Started GET "/manager/new" for 127.0.0.1 at 2018-10-27 14:05:05 +0100
  
ActionController::RoutingError (No route matches [GET] "/manager/new"):
  
actionpack (5.1.4) lib/action_dispatch/middleware/debug_exceptions.rb:63:in `call'
actionpack (5.1.4) lib/action_dispatch/middleware/show_exceptions.rb:31:in `call'
railties (5.1.4) lib/rails/rack/logger.rb:36:in `call_app'
railties (5.1.4) lib/rails/rack/logger.rb:24:in `block in call'
activesupport (5.1.4) lib/active_support/tagged_logging.rb:69:in `block in tagged'
activesupport (5.1.4) lib/active_support/tagged_logging.rb:26:in `tagged'
activesupport (5.1.4) lib/active_support/tagged_logging.rb:69:in `tagged'
railties (5.1.4) lib/rails/rack/logger.rb:24:in `call'
actionpack (5.1.4) lib/action_dispatch/middleware/remote_ip.rb:79:in `call'
actionpack (5.1.4) lib/action_dispatch/middleware/request_id.rb:25:in `call'
rack (2.0.3) lib/rack/method_override.rb:22:in `call'
rack (2.0.3) lib/rack/runtime.rb:22:in `call'
activesupport (5.1.4) lib/active_support/cache/strategy/local_cache_middleware.rb:27:in `call'
actionpack (5.1.4) lib/action_dispatch/middleware/executor.rb:12:in `call'
actionpack (5.1.4) lib/action_dispatch/middleware/static.rb:125:in `call'
rack (2.0.3) lib/rack/sendfile.rb:111:in `call'
railties (5.1.4) lib/rails/engine.rb:522:in `call'
puma (3.11.2) lib/puma/configuration.rb:225:in `call'
puma (3.11.2) lib/puma/server.rb:624:in `handle_request'
puma (3.11.2) lib/puma/server.rb:438:in `process_client'
puma (3.11.2) lib/puma/server.rb:302:in `block in run'
puma (3.11.2) lib/puma/thread_pool.rb:120:in `block in spawn_thread'
Started GET "/" for 127.0.0.1 at 2018-10-27 14:06:41 +0100
Processing by WelcomeController#index as HTML
  Rendering welcome/index.erb within layouts/application
  Rendered welcome/index.erb within layouts/application (2.0ms)
Completed 200 OK in 109ms (Views: 107.0ms | ActiveRecord: 0.0ms)


Started GET "/assets/questions.self-877aef30ae1b040ab8a3aba4e3e309a11d7f2612f44dde450b5c157aa5f95c05.js?body=1" for 127.0.0.1 at 2018-10-27 14:06:41 +0100
Started GET "/assets/questions.self-e3b0c44298fc1c149afbf4c8996fb92427ae41e4649b934ca495991b7852b855.css?body=1" for 127.0.0.1 at 2018-10-27 14:06:41 +0100
Started GET "/questions/new" for 127.0.0.1 at 2018-10-27 14:06:45 +0100
  
AbstractController::ActionNotFound (The action 'new' could not be found for QuestionsController):
  
actionpack (5.1.4) lib/abstract_controller/base.rb:119:in `process'
actionview (5.1.4) lib/action_view/rendering.rb:30:in `process'
actionpack (5.1.4) lib/action_controller/metal.rb:189:in `dispatch'
actionpack (5.1.4) lib/action_controller/metal.rb:253:in `dispatch'
actionpack (5.1.4) lib/action_dispatch/routing/route_set.rb:49:in `dispatch'
actionpack (5.1.4) lib/action_dispatch/routing/route_set.rb:31:in `serve'
actionpack (5.1.4) lib/action_dispatch/journey/router.rb:50:in `block in serve'
actionpack (5.1.4) lib/action_dispatch/journey/router.rb:33:in `each'
actionpack (5.1.4) lib/action_dispatch/journey/router.rb:33:in `serve'
actionpack (5.1.4) lib/action_dispatch/routing/route_set.rb:834:in `call'
rack (2.0.3) lib/rack/etag.rb:25:in `call'
rack (2.0.3) lib/rack/conditional_get.rb:25:in `call'
rack (2.0.3) lib/rack/head.rb:12:in `call'
rack (2.0.3) lib/rack/session/abstract/id.rb:232:in `context'
rack (2.0.3) lib/rack/session/abstract/id.rb:226:in `call'
actionpack (5.1.4) lib/action_dispatch/middleware/cookies.rb:613:in `call'
activerecord (5.1.4) lib/active_record/migration.rb:556:in `call'
actionpack (5.1.4) lib/action_dispatch/middleware/callbacks.rb:26:in `block in call'
activesupport (5.1.4) lib/active_support/callbacks.rb:97:in `run_callbacks'
actionpack (5.1.4) lib/action_dispatch/middleware/callbacks.rb:24:in `call'
actionpack (5.1.4) lib/action_dispatch/middleware/executor.rb:12:in `call'
actionpack (5.1.4) lib/action_dispatch/middleware/debug_exceptions.rb:59:in `call'
actionpack (5.1.4) lib/action_dispatch/middleware/show_exceptions.rb:31:in `call'
railties (5.1.4) lib/rails/rack/logger.rb:36:in `call_app'
railties (5.1.4) lib/rails/rack/logger.rb:24:in `block in call'
activesupport (5.1.4) lib/active_support/tagged_logging.rb:69:in `block in tagged'
activesupport (5.1.4) lib/active_support/tagged_logging.rb:26:in `tagged'
activesupport (5.1.4) lib/active_support/tagged_logging.rb:69:in `tagged'
railties (5.1.4) lib/rails/rack/logger.rb:24:in `call'
actionpack (5.1.4) lib/action_dispatch/middleware/remote_ip.rb:79:in `call'
actionpack (5.1.4) lib/action_dispatch/middleware/request_id.rb:25:in `call'
rack (2.0.3) lib/rack/method_override.rb:22:in `call'
rack (2.0.3) lib/rack/runtime.rb:22:in `call'
activesupport (5.1.4) lib/active_support/cache/strategy/local_cache_middleware.rb:27:in `call'
actionpack (5.1.4) lib/action_dispatch/middleware/executor.rb:12:in `call'
actionpack (5.1.4) lib/action_dispatch/middleware/static.rb:125:in `call'
rack (2.0.3) lib/rack/sendfile.rb:111:in `call'
railties (5.1.4) lib/rails/engine.rb:522:in `call'
puma (3.11.2) lib/puma/configuration.rb:225:in `call'
puma (3.11.2) lib/puma/server.rb:624:in `handle_request'
puma (3.11.2) lib/puma/server.rb:438:in `process_client'
puma (3.11.2) lib/puma/server.rb:302:in `block in run'
puma (3.11.2) lib/puma/thread_pool.rb:120:in `block in spawn_thread'
Started GET "/questions/new" for 127.0.0.1 at 2018-10-27 14:07:24 +0100
Processing by QuestionsController#new as HTML
  Rendering questions/new.html.erb within layouts/application
  Rendered questions/new.html.erb within layouts/application (12.5ms)
Completed 200 OK in 47ms (Views: 44.8ms | ActiveRecord: 0.0ms)


Started GET "/questions/new" for 127.0.0.1 at 2018-10-27 14:07:45 +0100
Processing by QuestionsController#new as HTML
  Rendering questions/new.html.erb within layouts/application
  Rendered questions/new.html.erb within layouts/application (1.2ms)
Completed 200 OK in 21ms (Views: 19.0ms | ActiveRecord: 0.0ms)


Started GET "/questions/new" for 127.0.0.1 at 2018-10-27 14:07:51 +0100
Processing by QuestionsController#new as HTML
  Rendering questions/new.html.erb within layouts/application
  Rendered questions/new.html.erb within layouts/application (1.3ms)
Completed 200 OK in 21ms (Views: 19.3ms | ActiveRecord: 0.0ms)


Started GET "/questions/new" for 127.0.0.1 at 2018-10-27 14:08:11 +0100
Processing by QuestionsController#new as HTML
  Rendering questions/new.html.erb within layouts/application
  Rendered questions/new.html.erb within layouts/application (161.8ms)
Completed 500 Internal Server Error in 168ms (ActiveRecord: 0.0ms)


  
ActionView::Template::Error (undefined local variable or method `articles_path' for #<#<Class:0x00007fe18f6cbe20>:0x00007fe18a38d7b8>
Did you mean?  asset_path):
    1: <%= form_with scope: :question, url: articles_path, local: true do |form| %>
    2:   <p>
    3:     <%= form.label :site_name %><br>
    4:     <%= form.text_field :site_name %>
  
app/views/questions/new.html.erb:1:in `_app_views_questions_new_html_erb___4041918849068107406_70303331678120'
Started GET "/questions/new" for 127.0.0.1 at 2018-10-27 14:08:17 +0100
Processing by QuestionsController#new as HTML
  Rendering questions/new.html.erb within layouts/application
  Rendered questions/new.html.erb within layouts/application (1.2ms)
Completed 200 OK in 22ms (Views: 19.5ms | ActiveRecord: 0.0ms)


Started GET "/questions/new" for 127.0.0.1 at 2018-10-27 14:08:37 +0100
Processing by QuestionsController#new as HTML
  Rendering questions/new.html.erb within layouts/application
  Rendered questions/new.html.erb within layouts/application (2.3ms)
Completed 200 OK in 27ms (Views: 25.3ms | ActiveRecord: 0.0ms)


Started GET "/questions/new" for 127.0.0.1 at 2018-10-27 14:08:45 +0100
Processing by QuestionsController#new as HTML
  Rendering questions/new.html.erb within layouts/application
  Rendered questions/new.html.erb within layouts/application (1.3ms)
Completed 200 OK in 21ms (Views: 19.7ms | ActiveRecord: 0.0ms)


Started POST "/questions" for 127.0.0.1 at 2018-10-27 14:08:53 +0100
Processing by QuestionsController#create as HTML
  Parameters: {"utf8"=>"✓", "authenticity_token"=>"QT5ES2Lo86YYOsCpReXkmaG3DyDV7ZAh63ah4gDDZEC38l7m1KmDon7mDVLM46FrA0tTHTcM5a85nFoNCsjYjw==", "question"=>{"site_name"=>"Facebook", "security_answer"=>"cat"}, "commit"=>"Save Question"}
  Rendering text template
  Rendered text template (0.0ms)
Completed 200 OK in 2ms (Views: 1.3ms | ActiveRecord: 0.0ms)


Started GET "/questions/new" for 127.0.0.1 at 2018-10-27 14:10:03 +0100
  [1m[35m (0.2ms)[0m  [1m[34mSELECT "schema_migrations"."version" FROM "schema_migrations" ORDER BY "schema_migrations"."version" ASC[0m
  
ActiveRecord::PendingMigrationError (

Migrations are pending. To resolve this issue, run:

        bin/rails db:migrate RAILS_ENV=development

):
  
activerecord (5.1.4) lib/active_record/migration.rb:576:in `check_pending!'
activerecord (5.1.4) lib/active_record/migration.rb:553:in `call'
actionpack (5.1.4) lib/action_dispatch/middleware/callbacks.rb:26:in `block in call'
activesupport (5.1.4) lib/active_support/callbacks.rb:97:in `run_callbacks'
actionpack (5.1.4) lib/action_dispatch/middleware/callbacks.rb:24:in `call'
actionpack (5.1.4) lib/action_dispatch/middleware/executor.rb:12:in `call'
actionpack (5.1.4) lib/action_dispatch/middleware/debug_exceptions.rb:59:in `call'
actionpack (5.1.4) lib/action_dispatch/middleware/show_exceptions.rb:31:in `call'
railties (5.1.4) lib/rails/rack/logger.rb:36:in `call_app'
railties (5.1.4) lib/rails/rack/logger.rb:24:in `block in call'
activesupport (5.1.4) lib/active_support/tagged_logging.rb:69:in `block in tagged'
activesupport (5.1.4) lib/active_support/tagged_logging.rb:26:in `tagged'
activesupport (5.1.4) lib/active_support/tagged_logging.rb:69:in `tagged'
railties (5.1.4) lib/rails/rack/logger.rb:24:in `call'
actionpack (5.1.4) lib/action_dispatch/middleware/remote_ip.rb:79:in `call'
actionpack (5.1.4) lib/action_dispatch/middleware/request_id.rb:25:in `call'
rack (2.0.3) lib/rack/method_override.rb:22:in `call'
rack (2.0.3) lib/rack/runtime.rb:22:in `call'
activesupport (5.1.4) lib/active_support/cache/strategy/local_cache_middleware.rb:27:in `call'
actionpack (5.1.4) lib/action_dispatch/middleware/executor.rb:12:in `call'
actionpack (5.1.4) lib/action_dispatch/middleware/static.rb:125:in `call'
rack (2.0.3) lib/rack/sendfile.rb:111:in `call'
railties (5.1.4) lib/rails/engine.rb:522:in `call'
puma (3.11.2) lib/puma/configuration.rb:225:in `call'
puma (3.11.2) lib/puma/server.rb:624:in `handle_request'
puma (3.11.2) lib/puma/server.rb:438:in `process_client'
puma (3.11.2) lib/puma/server.rb:302:in `block in run'
puma (3.11.2) lib/puma/thread_pool.rb:120:in `block in spawn_thread'
  [1m[35m (0.2ms)[0m  [1m[34mSELECT pg_try_advisory_lock(3978878207179910370)[0m
  [1m[35m (0.8ms)[0m  [1m[34mSELECT "schema_migrations"."version" FROM "schema_migrations" ORDER BY "schema_migrations"."version" ASC[0m
Migrating to CreateQuestions (20181027130925)
  [1m[35m (0.2ms)[0m  [1m[35mBEGIN[0m
  [1m[35m (27.3ms)[0m  [1m[35mCREATE TABLE "questions" ("id" bigserial primary key, "site_name" character varying, "security_answer" text, "created_at" timestamp NOT NULL, "updated_at" timestamp NOT NULL)[0m
  [1m[35mSQL (2.8ms)[0m  [1m[32mINSERT INTO "schema_migrations" ("version") VALUES ($1) RETURNING "version"[0m  [["version", "20181027130925"]]
  [1m[35m (0.9ms)[0m  [1m[35mCOMMIT[0m
  [1m[36mActiveRecord::InternalMetadata Load (0.5ms)[0m  [1m[34mSELECT  "ar_internal_metadata".* FROM "ar_internal_metadata" WHERE "ar_internal_metadata"."key" = $1 LIMIT $2[0m  [["key", "environment"], ["LIMIT", 1]]
  [1m[35m (0.3ms)[0m  [1m[35mBEGIN[0m
  [1m[35m (0.2ms)[0m  [1m[35mCOMMIT[0m
  [1m[35m (0.3ms)[0m  [1m[34mSELECT pg_advisory_unlock(3978878207179910370)[0m
  [1m[35m (0.3ms)[0m  [1m[34mSELECT "schema_migrations"."version" FROM "schema_migrations" ORDER BY "schema_migrations"."version" ASC[0m
Started GET "/questions/new" for 127.0.0.1 at 2018-10-27 14:11:27 +0100
  [1m[35m (0.2ms)[0m  [1m[34mSELECT "schema_migrations"."version" FROM "schema_migrations" ORDER BY "schema_migrations"."version" ASC[0m
Processing by QuestionsController#new as HTML
  Rendering questions/new.html.erb within layouts/application
  Rendered questions/new.html.erb within layouts/application (1.2ms)
Completed 200 OK in 21ms (Views: 18.9ms | ActiveRecord: 0.0ms)


Started GET "/questions/new" for 127.0.0.1 at 2018-10-27 14:11:37 +0100
Processing by QuestionsController#new as HTML
  Rendering questions/new.html.erb within layouts/application
  Rendered questions/new.html.erb within layouts/application (1.1ms)
Completed 200 OK in 22ms (Views: 20.0ms | ActiveRecord: 0.0ms)


Started GET "/questions/new" for 127.0.0.1 at 2018-10-27 14:13:26 +0100
Processing by QuestionsController#new as HTML
  Rendering questions/new.html.erb within layouts/application
  Rendered questions/new.html.erb within layouts/application (1.2ms)
Completed 200 OK in 28ms (Views: 26.3ms | ActiveRecord: 0.0ms)


Started GET "/questions/1" for 127.0.0.1 at 2018-10-27 14:13:28 +0100
Processing by QuestionsController#show as HTML
  Parameters: {"id"=>"1"}
  [1m[36mQuestion Load (0.5ms)[0m  [1m[34mSELECT  "questions".* FROM "questions" WHERE "questions"."id" = $1 LIMIT $2[0m  [["id", 1], ["LIMIT", 1]]
Completed 404 Not Found in 13ms (ActiveRecord: 7.1ms)


  
ActiveRecord::RecordNotFound (Couldn't find Question with 'id'=1):
  
app/controllers/questions_controller.rb:7:in `show'
Started GET "/questions/new" for 127.0.0.1 at 2018-10-27 14:13:30 +0100
Processing by QuestionsController#new as HTML
  Rendering questions/new.html.erb within layouts/application
  Rendered questions/new.html.erb within layouts/application (1.2ms)
Completed 200 OK in 21ms (Views: 18.9ms | ActiveRecord: 0.0ms)


Started GET "/questions/new" for 127.0.0.1 at 2018-10-27 14:14:14 +0100
Processing by QuestionsController#new as HTML
  Rendering questions/new.html.erb within layouts/application
  Rendered questions/new.html.erb within layouts/application (1.3ms)
Completed 200 OK in 25ms (Views: 18.3ms | ActiveRecord: 0.0ms)


Started GET "/questions/" for 127.0.0.1 at 2018-10-27 14:14:19 +0100
  
AbstractController::ActionNotFound (The action 'index' could not be found for QuestionsController):
  
actionpack (5.1.4) lib/abstract_controller/base.rb:119:in `process'
actionview (5.1.4) lib/action_view/rendering.rb:30:in `process'
actionpack (5.1.4) lib/action_controller/metal.rb:189:in `dispatch'
actionpack (5.1.4) lib/action_controller/metal.rb:253:in `dispatch'
actionpack (5.1.4) lib/action_dispatch/routing/route_set.rb:49:in `dispatch'
actionpack (5.1.4) lib/action_dispatch/routing/route_set.rb:31:in `serve'
actionpack (5.1.4) lib/action_dispatch/journey/router.rb:50:in `block in serve'
actionpack (5.1.4) lib/action_dispatch/journey/router.rb:33:in `each'
actionpack (5.1.4) lib/action_dispatch/journey/router.rb:33:in `serve'
actionpack (5.1.4) lib/action_dispatch/routing/route_set.rb:834:in `call'
rack (2.0.3) lib/rack/etag.rb:25:in `call'
rack (2.0.3) lib/rack/conditional_get.rb:25:in `call'
rack (2.0.3) lib/rack/head.rb:12:in `call'
rack (2.0.3) lib/rack/session/abstract/id.rb:232:in `context'
rack (2.0.3) lib/rack/session/abstract/id.rb:226:in `call'
actionpack (5.1.4) lib/action_dispatch/middleware/cookies.rb:613:in `call'
activerecord (5.1.4) lib/active_record/migration.rb:556:in `call'
actionpack (5.1.4) lib/action_dispatch/middleware/callbacks.rb:26:in `block in call'
activesupport (5.1.4) lib/active_support/callbacks.rb:97:in `run_callbacks'
actionpack (5.1.4) lib/action_dispatch/middleware/callbacks.rb:24:in `call'
actionpack (5.1.4) lib/action_dispatch/middleware/executor.rb:12:in `call'
actionpack (5.1.4) lib/action_dispatch/middleware/debug_exceptions.rb:59:in `call'
actionpack (5.1.4) lib/action_dispatch/middleware/show_exceptions.rb:31:in `call'
railties (5.1.4) lib/rails/rack/logger.rb:36:in `call_app'
railties (5.1.4) lib/rails/rack/logger.rb:24:in `block in call'
activesupport (5.1.4) lib/active_support/tagged_logging.rb:69:in `block in tagged'
activesupport (5.1.4) lib/active_support/tagged_logging.rb:26:in `tagged'
activesupport (5.1.4) lib/active_support/tagged_logging.rb:69:in `tagged'
railties (5.1.4) lib/rails/rack/logger.rb:24:in `call'
actionpack (5.1.4) lib/action_dispatch/middleware/remote_ip.rb:79:in `call'
actionpack (5.1.4) lib/action_dispatch/middleware/request_id.rb:25:in `call'
rack (2.0.3) lib/rack/method_override.rb:22:in `call'
rack (2.0.3) lib/rack/runtime.rb:22:in `call'
activesupport (5.1.4) lib/active_support/cache/strategy/local_cache_middleware.rb:27:in `call'
actionpack (5.1.4) lib/action_dispatch/middleware/executor.rb:12:in `call'
actionpack (5.1.4) lib/action_dispatch/middleware/static.rb:125:in `call'
rack (2.0.3) lib/rack/sendfile.rb:111:in `call'
railties (5.1.4) lib/rails/engine.rb:522:in `call'
puma (3.11.2) lib/puma/configuration.rb:225:in `call'
puma (3.11.2) lib/puma/server.rb:624:in `handle_request'
puma (3.11.2) lib/puma/server.rb:438:in `process_client'
puma (3.11.2) lib/puma/server.rb:302:in `block in run'
puma (3.11.2) lib/puma/thread_pool.rb:120:in `block in spawn_thread'
Started GET "/questions/new" for 127.0.0.1 at 2018-10-27 14:14:23 +0100
Processing by QuestionsController#new as HTML
  Rendering questions/new.html.erb within layouts/application
  Rendered questions/new.html.erb within layouts/application (1.1ms)
Completed 200 OK in 21ms (Views: 19.0ms | ActiveRecord: 0.0ms)


Started GET "/questions/new" for 127.0.0.1 at 2018-10-27 14:16:08 +0100
Processing by QuestionsController#new as HTML
  Rendering questions/new.html.erb within layouts/application
  Rendered questions/new.html.erb within layouts/application (4.6ms)
Completed 500 Internal Server Error in 11ms (ActiveRecord: 0.0ms)


  
ActionView::Template::Error (undefined method `model_name' for {:scope=>:question, :url=>"/questions", :local=>true}:Hash):
    1: <%= form_for scope: :question, url: questions_path, local: true do |form| %>
    2:   <p>
    3:     <%= form.label :site_name %><br>
    4:     <%= form.select :site_name, [['Hot','hot'],['Medium','medium'],['Cold','cold']] %>
  
app/views/questions/new.html.erb:1:in `_app_views_questions_new_html_erb___4041918849068107406_70303330956780'
Started GET "/questions/new" for 127.0.0.1 at 2018-10-27 14:17:00 +0100
  [1m[35m (0.2ms)[0m  [1m[34mSELECT "schema_migrations"."version" FROM "schema_migrations" ORDER BY "schema_migrations"."version" ASC[0m
Processing by QuestionsController#new as HTML
  Rendering questions/new.html.erb within layouts/application
  Rendered questions/new.html.erb within layouts/application (7.1ms)
Completed 200 OK in 131ms (Views: 125.4ms | ActiveRecord: 0.0ms)


Started GET "/questions/new" for 127.0.0.1 at 2018-10-27 14:17:16 +0100
Processing by QuestionsController#new as HTML
  Rendering questions/new.html.erb within layouts/application
  Rendered questions/new.html.erb within layouts/application (1.4ms)
Completed 200 OK in 37ms (Views: 34.2ms | ActiveRecord: 0.0ms)


Started GET "/questions/new" for 127.0.0.1 at 2018-10-27 14:17:48 +0100
  [1m[35m (0.2ms)[0m  [1m[34mSELECT "schema_migrations"."version" FROM "schema_migrations" ORDER BY "schema_migrations"."version" ASC[0m
  
ActiveRecord::PendingMigrationError (

Migrations are pending. To resolve this issue, run:

        bin/rails db:migrate RAILS_ENV=development

):
  
activerecord (5.1.4) lib/active_record/migration.rb:576:in `check_pending!'
activerecord (5.1.4) lib/active_record/migration.rb:553:in `call'
actionpack (5.1.4) lib/action_dispatch/middleware/callbacks.rb:26:in `block in call'
activesupport (5.1.4) lib/active_support/callbacks.rb:97:in `run_callbacks'
actionpack (5.1.4) lib/action_dispatch/middleware/callbacks.rb:24:in `call'
actionpack (5.1.4) lib/action_dispatch/middleware/executor.rb:12:in `call'
actionpack (5.1.4) lib/action_dispatch/middleware/debug_exceptions.rb:59:in `call'
actionpack (5.1.4) lib/action_dispatch/middleware/show_exceptions.rb:31:in `call'
railties (5.1.4) lib/rails/rack/logger.rb:36:in `call_app'
railties (5.1.4) lib/rails/rack/logger.rb:24:in `block in call'
activesupport (5.1.4) lib/active_support/tagged_logging.rb:69:in `block in tagged'
activesupport (5.1.4) lib/active_support/tagged_logging.rb:26:in `tagged'
activesupport (5.1.4) lib/active_support/tagged_logging.rb:69:in `tagged'
railties (5.1.4) lib/rails/rack/logger.rb:24:in `call'
actionpack (5.1.4) lib/action_dispatch/middleware/remote_ip.rb:79:in `call'
actionpack (5.1.4) lib/action_dispatch/middleware/request_id.rb:25:in `call'
rack (2.0.3) lib/rack/method_override.rb:22:in `call'
rack (2.0.3) lib/rack/runtime.rb:22:in `call'
activesupport (5.1.4) lib/active_support/cache/strategy/local_cache_middleware.rb:27:in `call'
actionpack (5.1.4) lib/action_dispatch/middleware/executor.rb:12:in `call'
actionpack (5.1.4) lib/action_dispatch/middleware/static.rb:125:in `call'
rack (2.0.3) lib/rack/sendfile.rb:111:in `call'
railties (5.1.4) lib/rails/engine.rb:522:in `call'
puma (3.11.2) lib/puma/configuration.rb:225:in `call'
puma (3.11.2) lib/puma/server.rb:624:in `handle_request'
puma (3.11.2) lib/puma/server.rb:438:in `process_client'
puma (3.11.2) lib/puma/server.rb:302:in `block in run'
puma (3.11.2) lib/puma/thread_pool.rb:120:in `block in spawn_thread'
  [1m[35m (0.2ms)[0m  [1m[34mSELECT pg_try_advisory_lock(3978878207179910370)[0m
  [1m[35m (0.8ms)[0m  [1m[34mSELECT "schema_migrations"."version" FROM "schema_migrations" ORDER BY "schema_migrations"."version" ASC[0m
Migrating to CreateQuestions (20181027131745)
  [1m[35m (0.2ms)[0m  [1m[35mBEGIN[0m
  [1m[35m (4.1ms)[0m  [1m[35mCREATE TABLE "questions" ("id" bigserial primary key, "site_name" character varying, "security_question" text, "security_answer" text, "created_at" timestamp NOT NULL, "updated_at" timestamp NOT NULL)[0m
  [1m[35m (0.1ms)[0m  [1m[31mROLLBACK[0m
  [1m[35m (0.2ms)[0m  [1m[34mSELECT pg_advisory_unlock(3978878207179910370)[0m
  [1m[35m (0.2ms)[0m  [1m[34mSELECT pg_try_advisory_lock(3978878207179910370)[0m
  [1m[35m (0.8ms)[0m  [1m[34mSELECT "schema_migrations"."version" FROM "schema_migrations" ORDER BY "schema_migrations"."version" ASC[0m
Migrating to CreateQuestions (20181027131745)
  [1m[35m (0.2ms)[0m  [1m[35mBEGIN[0m
  [1m[35m (4.2ms)[0m  [1m[35mCREATE TABLE "questions" ("id" bigserial primary key, "site_name" character varying, "security_question" text, "security_answer" text, "created_at" timestamp NOT NULL, "updated_at" timestamp NOT NULL)[0m
  [1m[35m (0.2ms)[0m  [1m[31mROLLBACK[0m
  [1m[35m (0.3ms)[0m  [1m[34mSELECT pg_advisory_unlock(3978878207179910370)[0m
  [1m[35m (0.2ms)[0m  [1m[34mSELECT pg_try_advisory_lock(3978878207179910370)[0m
  [1m[35m (0.8ms)[0m  [1m[34mSELECT "schema_migrations"."version" FROM "schema_migrations" ORDER BY "schema_migrations"."version" ASC[0m
Migrating to CreateQuestions (20181027131745)
  [1m[35m (0.2ms)[0m  [1m[35mBEGIN[0m
  [1m[35m (6.0ms)[0m  [1m[35mCREATE TABLE "questions" ("id" bigserial primary key, "site_name" character varying, "security_question" text, "security_answer" text, "created_at" timestamp NOT NULL, "updated_at" timestamp NOT NULL)[0m
  [1m[35mSQL (0.3ms)[0m  [1m[32mINSERT INTO "schema_migrations" ("version") VALUES ($1) RETURNING "version"[0m  [["version", "20181027131745"]]
  [1m[35m (0.5ms)[0m  [1m[35mCOMMIT[0m
  [1m[36mActiveRecord::InternalMetadata Load (0.4ms)[0m  [1m[34mSELECT  "ar_internal_metadata".* FROM "ar_internal_metadata" WHERE "ar_internal_metadata"."key" = $1 LIMIT $2[0m  [["key", "environment"], ["LIMIT", 1]]
  [1m[35m (0.1ms)[0m  [1m[35mBEGIN[0m
  [1m[35m (0.2ms)[0m  [1m[35mCOMMIT[0m
  [1m[35m (0.3ms)[0m  [1m[34mSELECT pg_advisory_unlock(3978878207179910370)[0m
  [1m[35m (0.2ms)[0m  [1m[34mSELECT "schema_migrations"."version" FROM "schema_migrations" ORDER BY "schema_migrations"."version" ASC[0m
Started GET "/questions/new" for 127.0.0.1 at 2018-10-27 14:19:06 +0100
  [1m[35m (0.2ms)[0m  [1m[34mSELECT "schema_migrations"."version" FROM "schema_migrations" ORDER BY "schema_migrations"."version" ASC[0m
Processing by QuestionsController#new as HTML
  Rendering questions/new.html.erb within layouts/application
  Rendered questions/new.html.erb within layouts/application (1.3ms)
Completed 200 OK in 22ms (Views: 19.4ms | ActiveRecord: 0.0ms)


Started GET "/questions/new" for 127.0.0.1 at 2018-10-27 14:19:26 +0100
Processing by QuestionsController#new as HTML
  Rendering questions/new.html.erb within layouts/application
  Rendered questions/new.html.erb within layouts/application (1.0ms)
Completed 200 OK in 24ms (Views: 22.0ms | ActiveRecord: 0.0ms)


Started GET "/questions/new" for 127.0.0.1 at 2018-10-27 14:19:45 +0100
Processing by QuestionsController#new as HTML
  Rendering questions/new.html.erb within layouts/application
  Rendered questions/new.html.erb within layouts/application (2.0ms)
Completed 200 OK in 24ms (Views: 21.7ms | ActiveRecord: 0.0ms)


Started GET "/questions/new" for 127.0.0.1 at 2018-10-27 14:19:52 +0100
Processing by QuestionsController#new as HTML
  Rendering questions/new.html.erb within layouts/application
  Rendered questions/new.html.erb within layouts/application (1.0ms)
Completed 200 OK in 27ms (Views: 24.9ms | ActiveRecord: 0.0ms)


Started GET "/questions/new" for 127.0.0.1 at 2018-10-27 14:20:05 +0100
Processing by QuestionsController#new as HTML
  Rendering questions/new.html.erb within layouts/application
  Rendered questions/new.html.erb within layouts/application (0.8ms)
Completed 200 OK in 20ms (Views: 17.9ms | ActiveRecord: 0.0ms)


Started GET "/questions/new" for 127.0.0.1 at 2018-10-27 14:20:21 +0100
Processing by QuestionsController#new as HTML
  Rendering questions/new.html.erb within layouts/application
  Rendered questions/new.html.erb within layouts/application (7.3ms)
Completed 200 OK in 30ms (Views: 28.5ms | ActiveRecord: 0.0ms)


Started POST "/questions/new" for 127.0.0.1 at 2018-10-27 14:20:28 +0100
  
ActionController::RoutingError (No route matches [POST] "/questions/new"):
  
actionpack (5.1.4) lib/action_dispatch/middleware/debug_exceptions.rb:63:in `call'
actionpack (5.1.4) lib/action_dispatch/middleware/show_exceptions.rb:31:in `call'
railties (5.1.4) lib/rails/rack/logger.rb:36:in `call_app'
railties (5.1.4) lib/rails/rack/logger.rb:24:in `block in call'
activesupport (5.1.4) lib/active_support/tagged_logging.rb:69:in `block in tagged'
activesupport (5.1.4) lib/active_support/tagged_logging.rb:26:in `tagged'
activesupport (5.1.4) lib/active_support/tagged_logging.rb:69:in `tagged'
railties (5.1.4) lib/rails/rack/logger.rb:24:in `call'
actionpack (5.1.4) lib/action_dispatch/middleware/remote_ip.rb:79:in `call'
actionpack (5.1.4) lib/action_dispatch/middleware/request_id.rb:25:in `call'
rack (2.0.3) lib/rack/method_override.rb:22:in `call'
rack (2.0.3) lib/rack/runtime.rb:22:in `call'
activesupport (5.1.4) lib/active_support/cache/strategy/local_cache_middleware.rb:27:in `call'
actionpack (5.1.4) lib/action_dispatch/middleware/executor.rb:12:in `call'
actionpack (5.1.4) lib/action_dispatch/middleware/static.rb:125:in `call'
rack (2.0.3) lib/rack/sendfile.rb:111:in `call'
railties (5.1.4) lib/rails/engine.rb:522:in `call'
puma (3.11.2) lib/puma/configuration.rb:225:in `call'
puma (3.11.2) lib/puma/server.rb:624:in `handle_request'
puma (3.11.2) lib/puma/server.rb:438:in `process_client'
puma (3.11.2) lib/puma/server.rb:302:in `block in run'
puma (3.11.2) lib/puma/thread_pool.rb:120:in `block in spawn_thread'
Started POST "/questions/new" for 127.0.0.1 at 2018-10-27 14:21:20 +0100
  
ActionController::RoutingError (No route matches [POST] "/questions/new"):
  
actionpack (5.1.4) lib/action_dispatch/middleware/debug_exceptions.rb:63:in `call'
actionpack (5.1.4) lib/action_dispatch/middleware/show_exceptions.rb:31:in `call'
railties (5.1.4) lib/rails/rack/logger.rb:36:in `call_app'
railties (5.1.4) lib/rails/rack/logger.rb:24:in `block in call'
activesupport (5.1.4) lib/active_support/tagged_logging.rb:69:in `block in tagged'
activesupport (5.1.4) lib/active_support/tagged_logging.rb:26:in `tagged'
activesupport (5.1.4) lib/active_support/tagged_logging.rb:69:in `tagged'
railties (5.1.4) lib/rails/rack/logger.rb:24:in `call'
actionpack (5.1.4) lib/action_dispatch/middleware/remote_ip.rb:79:in `call'
actionpack (5.1.4) lib/action_dispatch/middleware/request_id.rb:25:in `call'
rack (2.0.3) lib/rack/method_override.rb:22:in `call'
rack (2.0.3) lib/rack/runtime.rb:22:in `call'
activesupport (5.1.4) lib/active_support/cache/strategy/local_cache_middleware.rb:27:in `call'
actionpack (5.1.4) lib/action_dispatch/middleware/executor.rb:12:in `call'
actionpack (5.1.4) lib/action_dispatch/middleware/static.rb:125:in `call'
rack (2.0.3) lib/rack/sendfile.rb:111:in `call'
railties (5.1.4) lib/rails/engine.rb:522:in `call'
puma (3.11.2) lib/puma/configuration.rb:225:in `call'
puma (3.11.2) lib/puma/server.rb:624:in `handle_request'
puma (3.11.2) lib/puma/server.rb:438:in `process_client'
puma (3.11.2) lib/puma/server.rb:302:in `block in run'
puma (3.11.2) lib/puma/thread_pool.rb:120:in `block in spawn_thread'
Started GET "/questions/new" for 127.0.0.1 at 2018-10-27 14:21:24 +0100
Processing by QuestionsController#new as HTML
  Rendering questions/new.html.erb within layouts/application
  Rendered questions/new.html.erb within layouts/application (2.0ms)
Completed 500 Internal Server Error in 10ms (ActiveRecord: 0.0ms)


  
ActionView::Template::Error (First argument in form cannot contain nil or be empty):
    1: <%= form_for (@quesion), :url => {:controller => "questions", :action => "create"} do |f| %>
    2:   Site Name: <%= f.select :site_name, [['Facebook'],['Twitter'],['Amazon']] %>
    3:   Security Question: <%= f.text_field :security_question %>
    4:   Security Answer: <%= f.text_field :security_answer %>
  
app/views/questions/new.html.erb:1:in `_app_views_questions_new_html_erb___4041918849068107406_70303343373360'
Started GET "/questions/" for 127.0.0.1 at 2018-10-27 14:21:32 +0100
  
AbstractController::ActionNotFound (The action 'index' could not be found for QuestionsController):
  
actionpack (5.1.4) lib/abstract_controller/base.rb:119:in `process'
actionview (5.1.4) lib/action_view/rendering.rb:30:in `process'
actionpack (5.1.4) lib/action_controller/metal.rb:189:in `dispatch'
actionpack (5.1.4) lib/action_controller/metal.rb:253:in `dispatch'
actionpack (5.1.4) lib/action_dispatch/routing/route_set.rb:49:in `dispatch'
actionpack (5.1.4) lib/action_dispatch/routing/route_set.rb:31:in `serve'
actionpack (5.1.4) lib/action_dispatch/journey/router.rb:50:in `block in serve'
actionpack (5.1.4) lib/action_dispatch/journey/router.rb:33:in `each'
actionpack (5.1.4) lib/action_dispatch/journey/router.rb:33:in `serve'
actionpack (5.1.4) lib/action_dispatch/routing/route_set.rb:834:in `call'
rack (2.0.3) lib/rack/etag.rb:25:in `call'
rack (2.0.3) lib/rack/conditional_get.rb:25:in `call'
rack (2.0.3) lib/rack/head.rb:12:in `call'
rack (2.0.3) lib/rack/session/abstract/id.rb:232:in `context'
rack (2.0.3) lib/rack/session/abstract/id.rb:226:in `call'
actionpack (5.1.4) lib/action_dispatch/middleware/cookies.rb:613:in `call'
activerecord (5.1.4) lib/active_record/migration.rb:556:in `call'
actionpack (5.1.4) lib/action_dispatch/middleware/callbacks.rb:26:in `block in call'
activesupport (5.1.4) lib/active_support/callbacks.rb:97:in `run_callbacks'
actionpack (5.1.4) lib/action_dispatch/middleware/callbacks.rb:24:in `call'
actionpack (5.1.4) lib/action_dispatch/middleware/executor.rb:12:in `call'
actionpack (5.1.4) lib/action_dispatch/middleware/debug_exceptions.rb:59:in `call'
actionpack (5.1.4) lib/action_dispatch/middleware/show_exceptions.rb:31:in `call'
railties (5.1.4) lib/rails/rack/logger.rb:36:in `call_app'
railties (5.1.4) lib/rails/rack/logger.rb:24:in `block in call'
activesupport (5.1.4) lib/active_support/tagged_logging.rb:69:in `block in tagged'
activesupport (5.1.4) lib/active_support/tagged_logging.rb:26:in `tagged'
activesupport (5.1.4) lib/active_support/tagged_logging.rb:69:in `tagged'
railties (5.1.4) lib/rails/rack/logger.rb:24:in `call'
actionpack (5.1.4) lib/action_dispatch/middleware/remote_ip.rb:79:in `call'
actionpack (5.1.4) lib/action_dispatch/middleware/request_id.rb:25:in `call'
rack (2.0.3) lib/rack/method_override.rb:22:in `call'
rack (2.0.3) lib/rack/runtime.rb:22:in `call'
activesupport (5.1.4) lib/active_support/cache/strategy/local_cache_middleware.rb:27:in `call'
actionpack (5.1.4) lib/action_dispatch/middleware/executor.rb:12:in `call'
actionpack (5.1.4) lib/action_dispatch/middleware/static.rb:125:in `call'
rack (2.0.3) lib/rack/sendfile.rb:111:in `call'
railties (5.1.4) lib/rails/engine.rb:522:in `call'
puma (3.11.2) lib/puma/configuration.rb:225:in `call'
puma (3.11.2) lib/puma/server.rb:624:in `handle_request'
puma (3.11.2) lib/puma/server.rb:438:in `process_client'
puma (3.11.2) lib/puma/server.rb:302:in `block in run'
puma (3.11.2) lib/puma/thread_pool.rb:120:in `block in spawn_thread'
Started GET "/questions/new" for 127.0.0.1 at 2018-10-27 14:21:35 +0100
Processing by QuestionsController#new as HTML
  Rendering questions/new.html.erb within layouts/application
  Rendered questions/new.html.erb within layouts/application (1.7ms)
Completed 500 Internal Server Error in 8ms (ActiveRecord: 0.0ms)


  
ActionView::Template::Error (First argument in form cannot contain nil or be empty):
    1: <%= form_for (@quesion), :url => {:controller => "questions", :action => "create"} do |f| %>
    2:   Site Name: <%= f.select :site_name, [['Facebook'],['Twitter'],['Amazon']] %>
    3:   Security Question: <%= f.text_field :security_question %>
    4:   Security Answer: <%= f.text_field :security_answer %>
  
app/views/questions/new.html.erb:1:in `_app_views_questions_new_html_erb___4041918849068107406_70303330859500'
Started GET "/questions/new" for 127.0.0.1 at 2018-10-27 14:21:41 +0100
Processing by QuestionsController#new as HTML
  Rendering questions/new.html.erb within layouts/application
  Rendered questions/new.html.erb within layouts/application (1.8ms)
Completed 500 Internal Server Error in 8ms (ActiveRecord: 0.0ms)


  
ActionView::Template::Error (First argument in form cannot contain nil or be empty):
    1: <%= form_for (@question), :url => {:controller => "questions", :action => "create"} do |f| %>
    2:   Site Name: <%= f.select :site_name, [['Facebook'],['Twitter'],['Amazon']] %>
    3:   Security Question: <%= f.text_field :security_question %>
    4:   Security Answer: <%= f.text_field :security_answer %>
  
app/views/questions/new.html.erb:1:in `_app_views_questions_new_html_erb___4041918849068107406_70303330856660'
Started GET "/questions/new" for 127.0.0.1 at 2018-10-27 14:21:47 +0100
Processing by QuestionsController#new as HTML
  Rendering questions/new.html.erb within layouts/application
  Rendered questions/new.html.erb within layouts/application (2.5ms)
Completed 500 Internal Server Error in 9ms (ActiveRecord: 0.0ms)


  
ActionView::Template::Error (First argument in form cannot contain nil or be empty):
    1: <%= form_for (@questions), :url => {:controller => "questions", :action => "create"} do |f| %>
    2:   Site Name: <%= f.select :site_name, [['Facebook'],['Twitter'],['Amazon']] %>
    3:   Security Question: <%= f.text_field :security_question %>
    4:   Security Answer: <%= f.text_field :security_answer %>
  
app/views/questions/new.html.erb:1:in `_app_views_questions_new_html_erb___4041918849068107406_70303329367800'
Started GET "/questions/new" for 127.0.0.1 at 2018-10-27 14:21:54 +0100
Processing by QuestionsController#new as HTML
  Rendering questions/new.html.erb within layouts/application
  Rendered questions/new.html.erb within layouts/application (1.8ms)
Completed 500 Internal Server Error in 9ms (ActiveRecord: 0.0ms)


  
ActionView::Template::Error (First argument in form cannot contain nil or be empty):
    1: <%= form_for (@question), :url => {:controller => "questions", :action => "create"} do |f| %>
    2:   Site Name: <%= f.select :site_name, [['Facebook'],['Twitter'],['Amazon']] %>
    3:   Security Question: <%= f.text_field :security_question %>
    4:   Security Answer: <%= f.text_field :security_answer %>
  
app/views/questions/new.html.erb:1:in `_app_views_questions_new_html_erb___4041918849068107406_70303329168260'
Started GET "/questions/new" for 127.0.0.1 at 2018-10-27 14:22:04 +0100
Processing by QuestionsController#new as HTML
  Rendering questions/new.html.erb within layouts/application
  Rendered questions/new.html.erb within layouts/application (1.7ms)
Completed 500 Internal Server Error in 7ms (ActiveRecord: 0.0ms)


  
ActionView::Template::Error (First argument in form cannot contain nil or be empty):
    1: <%= form_for @question, :url => {:controller => "questions", :action => "create"} do |f| %>
    2:   Site Name: <%= f.select :site_name, [['Facebook'],['Twitter'],['Amazon']] %>
    3:   Security Question: <%= f.text_field :security_question %>
    4:   Security Answer: <%= f.text_field :security_answer %>
  
app/views/questions/new.html.erb:1:in `_app_views_questions_new_html_erb___4041918849068107406_70303328974540'
Started GET "/questions/new" for 127.0.0.1 at 2018-10-27 14:22:07 +0100
Processing by QuestionsController#new as HTML
  Rendering questions/new.html.erb within layouts/application
  Rendered questions/new.html.erb within layouts/application (2.2ms)
Completed 500 Internal Server Error in 9ms (ActiveRecord: 0.0ms)


  
ActionView::Template::Error (First argument in form cannot contain nil or be empty):
    1: <%= form_for @question, :url => {:controller => "questions", :action => "create"} do |f| %>
    2:   Site Name: <%= f.select :site_name, [['Facebook'],['Twitter'],['Amazon']] %>
    3:   Security Question: <%= f.text_field :security_question %>
    4:   Security Answer: <%= f.text_field :security_answer %>
  
app/views/questions/new.html.erb:1:in `_app_views_questions_new_html_erb___4041918849068107406_70303328763860'
Started GET "/questions/new" for 127.0.0.1 at 2018-10-27 14:22:11 +0100
Processing by QuestionsController#new as HTML
  Rendering questions/new.html.erb within layouts/application
  Rendered questions/new.html.erb within layouts/application (1.9ms)
Completed 500 Internal Server Error in 9ms (ActiveRecord: 0.0ms)


  
ActionView::Template::Error (First argument in form cannot contain nil or be empty):
    1: <%= form_for @question, :url => {:controller => "questions", :action => "create"} do |f| %>
    2:   Site Name: <%= f.select :site_name, [['Facebook'],['Twitter'],['Amazon']] %>
    3:   Security Question: <%= f.text_field :security_question %>
    4:   Security Answer: <%= f.text_field :security_answer %>
  
app/views/questions/new.html.erb:1:in `_app_views_questions_new_html_erb___4041918849068107406_70303389614160'
Started GET "/questions/new" for 127.0.0.1 at 2018-10-27 14:22:55 +0100
  [1m[35m (0.2ms)[0m  [1m[34mSELECT "schema_migrations"."version" FROM "schema_migrations" ORDER BY "schema_migrations"."version" ASC[0m
Processing by QuestionsController#new as HTML
  Rendering questions/new.html.erb within layouts/application
  Rendered questions/new.html.erb within layouts/application (2.3ms)
Completed 200 OK in 35ms (Views: 32.8ms | ActiveRecord: 0.0ms)


Started POST "/questions/new" for 127.0.0.1 at 2018-10-27 14:23:04 +0100
  
ActionController::RoutingError (No route matches [POST] "/questions/new"):
  
actionpack (5.1.4) lib/action_dispatch/middleware/debug_exceptions.rb:63:in `call'
actionpack (5.1.4) lib/action_dispatch/middleware/show_exceptions.rb:31:in `call'
railties (5.1.4) lib/rails/rack/logger.rb:36:in `call_app'
railties (5.1.4) lib/rails/rack/logger.rb:24:in `block in call'
activesupport (5.1.4) lib/active_support/tagged_logging.rb:69:in `block in tagged'
activesupport (5.1.4) lib/active_support/tagged_logging.rb:26:in `tagged'
activesupport (5.1.4) lib/active_support/tagged_logging.rb:69:in `tagged'
railties (5.1.4) lib/rails/rack/logger.rb:24:in `call'
actionpack (5.1.4) lib/action_dispatch/middleware/remote_ip.rb:79:in `call'
actionpack (5.1.4) lib/action_dispatch/middleware/request_id.rb:25:in `call'
rack (2.0.3) lib/rack/method_override.rb:22:in `call'
rack (2.0.3) lib/rack/runtime.rb:22:in `call'
activesupport (5.1.4) lib/active_support/cache/strategy/local_cache_middleware.rb:27:in `call'
actionpack (5.1.4) lib/action_dispatch/middleware/executor.rb:12:in `call'
actionpack (5.1.4) lib/action_dispatch/middleware/static.rb:125:in `call'
rack (2.0.3) lib/rack/sendfile.rb:111:in `call'
railties (5.1.4) lib/rails/engine.rb:522:in `call'
puma (3.11.2) lib/puma/configuration.rb:225:in `call'
puma (3.11.2) lib/puma/server.rb:624:in `handle_request'
puma (3.11.2) lib/puma/server.rb:438:in `process_client'
puma (3.11.2) lib/puma/server.rb:302:in `block in run'
puma (3.11.2) lib/puma/thread_pool.rb:120:in `block in spawn_thread'
Started GET "/questions/new" for 127.0.0.1 at 2018-10-27 14:23:41 +0100
  
ActionController::RoutingError (No route matches [GET] "/questions/new"):
  
actionpack (5.1.4) lib/action_dispatch/middleware/debug_exceptions.rb:63:in `call'
actionpack (5.1.4) lib/action_dispatch/middleware/show_exceptions.rb:31:in `call'
railties (5.1.4) lib/rails/rack/logger.rb:36:in `call_app'
railties (5.1.4) lib/rails/rack/logger.rb:24:in `block in call'
activesupport (5.1.4) lib/active_support/tagged_logging.rb:69:in `block in tagged'
activesupport (5.1.4) lib/active_support/tagged_logging.rb:26:in `tagged'
activesupport (5.1.4) lib/active_support/tagged_logging.rb:69:in `tagged'
railties (5.1.4) lib/rails/rack/logger.rb:24:in `call'
actionpack (5.1.4) lib/action_dispatch/middleware/remote_ip.rb:79:in `call'
actionpack (5.1.4) lib/action_dispatch/middleware/request_id.rb:25:in `call'
rack (2.0.3) lib/rack/method_override.rb:22:in `call'
rack (2.0.3) lib/rack/runtime.rb:22:in `call'
activesupport (5.1.4) lib/active_support/cache/strategy/local_cache_middleware.rb:27:in `call'
actionpack (5.1.4) lib/action_dispatch/middleware/executor.rb:12:in `call'
actionpack (5.1.4) lib/action_dispatch/middleware/static.rb:125:in `call'
rack (2.0.3) lib/rack/sendfile.rb:111:in `call'
railties (5.1.4) lib/rails/engine.rb:522:in `call'
puma (3.11.2) lib/puma/configuration.rb:225:in `call'
puma (3.11.2) lib/puma/server.rb:624:in `handle_request'
puma (3.11.2) lib/puma/server.rb:438:in `process_client'
puma (3.11.2) lib/puma/server.rb:302:in `block in run'
puma (3.11.2) lib/puma/thread_pool.rb:120:in `block in spawn_thread'
Started GET "/questions/new" for 127.0.0.1 at 2018-10-27 14:23:44 +0100
Processing by QuestionsController#new as HTML
  Rendering questions/new.html.erb within layouts/application
  Rendered questions/new.html.erb within layouts/application (1.5ms)
Completed 200 OK in 25ms (Views: 22.9ms | ActiveRecord: 0.0ms)


Started POST "/questions/new" for 127.0.0.1 at 2018-10-27 14:23:49 +0100
  
ActionController::RoutingError (No route matches [POST] "/questions/new"):
  
actionpack (5.1.4) lib/action_dispatch/middleware/debug_exceptions.rb:63:in `call'
actionpack (5.1.4) lib/action_dispatch/middleware/show_exceptions.rb:31:in `call'
railties (5.1.4) lib/rails/rack/logger.rb:36:in `call_app'
railties (5.1.4) lib/rails/rack/logger.rb:24:in `block in call'
activesupport (5.1.4) lib/active_support/tagged_logging.rb:69:in `block in tagged'
activesupport (5.1.4) lib/active_support/tagged_logging.rb:26:in `tagged'
activesupport (5.1.4) lib/active_support/tagged_logging.rb:69:in `tagged'
railties (5.1.4) lib/rails/rack/logger.rb:24:in `call'
actionpack (5.1.4) lib/action_dispatch/middleware/remote_ip.rb:79:in `call'
actionpack (5.1.4) lib/action_dispatch/middleware/request_id.rb:25:in `call'
rack (2.0.3) lib/rack/method_override.rb:22:in `call'
rack (2.0.3) lib/rack/runtime.rb:22:in `call'
activesupport (5.1.4) lib/active_support/cache/strategy/local_cache_middleware.rb:27:in `call'
actionpack (5.1.4) lib/action_dispatch/middleware/executor.rb:12:in `call'
actionpack (5.1.4) lib/action_dispatch/middleware/static.rb:125:in `call'
rack (2.0.3) lib/rack/sendfile.rb:111:in `call'
railties (5.1.4) lib/rails/engine.rb:522:in `call'
puma (3.11.2) lib/puma/configuration.rb:225:in `call'
puma (3.11.2) lib/puma/server.rb:624:in `handle_request'
puma (3.11.2) lib/puma/server.rb:438:in `process_client'
puma (3.11.2) lib/puma/server.rb:302:in `block in run'
puma (3.11.2) lib/puma/thread_pool.rb:120:in `block in spawn_thread'
Started GET "/questions/new" for 127.0.0.1 at 2018-10-27 14:24:32 +0100
Processing by QuestionsController#new as HTML
  Rendering questions/new.html.erb within layouts/application
  Rendered questions/new.html.erb within layouts/application (0.6ms)
Completed 500 Internal Server Error in 7ms (ActiveRecord: 0.0ms)


  
SyntaxError (/Users/Wrok/Desktop/hacksheffield/app/views/questions/new.html.erb:22: syntax error, unexpected keyword_ensure, expecting ')'
          ensure
                ^
/Users/Wrok/Desktop/hacksheffield/app/views/questions/new.html.erb:24: syntax error, unexpected keyword_end, expecting ')'
          end
             ^):
  
app/views/questions/new.html.erb:22: syntax error, unexpected keyword_ensure, expecting ')'
app/views/questions/new.html.erb:24: syntax error, unexpected keyword_end, expecting ')'
Started GET "/questions/new" for 127.0.0.1 at 2018-10-27 14:24:36 +0100
Processing by QuestionsController#new as HTML
  Rendering questions/new.html.erb within layouts/application
  Rendered questions/new.html.erb within layouts/application (0.5ms)
Completed 500 Internal Server Error in 6ms (ActiveRecord: 0.0ms)


  
SyntaxError (/Users/Wrok/Desktop/hacksheffield/app/views/questions/new.html.erb:22: syntax error, unexpected keyword_ensure, expecting ')'
          ensure
                ^
/Users/Wrok/Desktop/hacksheffield/app/views/questions/new.html.erb:24: syntax error, unexpected keyword_end, expecting ')'
          end
             ^):
  
app/views/questions/new.html.erb:22: syntax error, unexpected keyword_ensure, expecting ')'
app/views/questions/new.html.erb:24: syntax error, unexpected keyword_end, expecting ')'
Started GET "/questions/new" for 127.0.0.1 at 2018-10-27 14:24:46 +0100
Processing by QuestionsController#new as HTML
  Rendering questions/new.html.erb within layouts/application
  Rendered questions/new.html.erb within layouts/application (1.3ms)
Completed 200 OK in 24ms (Views: 22.7ms | ActiveRecord: 0.0ms)


Started POST "/questions/new" for 127.0.0.1 at 2018-10-27 14:24:57 +0100
  
ActionController::RoutingError (No route matches [POST] "/questions/new"):
  
actionpack (5.1.4) lib/action_dispatch/middleware/debug_exceptions.rb:63:in `call'
actionpack (5.1.4) lib/action_dispatch/middleware/show_exceptions.rb:31:in `call'
railties (5.1.4) lib/rails/rack/logger.rb:36:in `call_app'
railties (5.1.4) lib/rails/rack/logger.rb:24:in `block in call'
activesupport (5.1.4) lib/active_support/tagged_logging.rb:69:in `block in tagged'
activesupport (5.1.4) lib/active_support/tagged_logging.rb:26:in `tagged'
activesupport (5.1.4) lib/active_support/tagged_logging.rb:69:in `tagged'
railties (5.1.4) lib/rails/rack/logger.rb:24:in `call'
actionpack (5.1.4) lib/action_dispatch/middleware/remote_ip.rb:79:in `call'
actionpack (5.1.4) lib/action_dispatch/middleware/request_id.rb:25:in `call'
rack (2.0.3) lib/rack/method_override.rb:22:in `call'
rack (2.0.3) lib/rack/runtime.rb:22:in `call'
activesupport (5.1.4) lib/active_support/cache/strategy/local_cache_middleware.rb:27:in `call'
actionpack (5.1.4) lib/action_dispatch/middleware/executor.rb:12:in `call'
actionpack (5.1.4) lib/action_dispatch/middleware/static.rb:125:in `call'
rack (2.0.3) lib/rack/sendfile.rb:111:in `call'
railties (5.1.4) lib/rails/engine.rb:522:in `call'
puma (3.11.2) lib/puma/configuration.rb:225:in `call'
puma (3.11.2) lib/puma/server.rb:624:in `handle_request'
puma (3.11.2) lib/puma/server.rb:438:in `process_client'
puma (3.11.2) lib/puma/server.rb:302:in `block in run'
puma (3.11.2) lib/puma/thread_pool.rb:120:in `block in spawn_thread'
  [1m[35m (0.2ms)[0m  [1m[34mSELECT pg_try_advisory_lock(3978878207179910370)[0m
  [1m[35m (1.1ms)[0m  [1m[34mSELECT "schema_migrations"."version" FROM "schema_migrations" ORDER BY "schema_migrations"."version" ASC[0m
  [1m[36mActiveRecord::InternalMetadata Load (0.5ms)[0m  [1m[34mSELECT  "ar_internal_metadata".* FROM "ar_internal_metadata" WHERE "ar_internal_metadata"."key" = $1 LIMIT $2[0m  [["key", "environment"], ["LIMIT", 1]]
  [1m[35m (0.1ms)[0m  [1m[35mBEGIN[0m
  [1m[35m (0.1ms)[0m  [1m[35mCOMMIT[0m
  [1m[35m (0.2ms)[0m  [1m[34mSELECT pg_advisory_unlock(3978878207179910370)[0m
  [1m[35m (0.3ms)[0m  [1m[34mSELECT "schema_migrations"."version" FROM "schema_migrations" ORDER BY "schema_migrations"."version" ASC[0m
Started GET "/questions/new" for 127.0.0.1 at 2018-10-27 14:27:14 +0100
  [1m[35m (0.8ms)[0m  [1m[34mSELECT "schema_migrations"."version" FROM "schema_migrations" ORDER BY "schema_migrations"."version" ASC[0m
Processing by QuestionsController#new as HTML
  Rendering questions/new.html.erb within layouts/application
  Rendered questions/new.html.erb within layouts/application (18.4ms)
Completed 200 OK in 198ms (Views: 190.7ms | ActiveRecord: 0.0ms)


Started POST "/questions/new" for 127.0.0.1 at 2018-10-27 14:27:18 +0100
  
ActionController::RoutingError (No route matches [POST] "/questions/new"):
  
actionpack (5.1.4) lib/action_dispatch/middleware/debug_exceptions.rb:63:in `call'
actionpack (5.1.4) lib/action_dispatch/middleware/show_exceptions.rb:31:in `call'
railties (5.1.4) lib/rails/rack/logger.rb:36:in `call_app'
railties (5.1.4) lib/rails/rack/logger.rb:24:in `block in call'
activesupport (5.1.4) lib/active_support/tagged_logging.rb:69:in `block in tagged'
activesupport (5.1.4) lib/active_support/tagged_logging.rb:26:in `tagged'
activesupport (5.1.4) lib/active_support/tagged_logging.rb:69:in `tagged'
railties (5.1.4) lib/rails/rack/logger.rb:24:in `call'
actionpack (5.1.4) lib/action_dispatch/middleware/remote_ip.rb:79:in `call'
actionpack (5.1.4) lib/action_dispatch/middleware/request_id.rb:25:in `call'
rack (2.0.3) lib/rack/method_override.rb:22:in `call'
rack (2.0.3) lib/rack/runtime.rb:22:in `call'
activesupport (5.1.4) lib/active_support/cache/strategy/local_cache_middleware.rb:27:in `call'
actionpack (5.1.4) lib/action_dispatch/middleware/executor.rb:12:in `call'
actionpack (5.1.4) lib/action_dispatch/middleware/static.rb:125:in `call'
rack (2.0.3) lib/rack/sendfile.rb:111:in `call'
railties (5.1.4) lib/rails/engine.rb:522:in `call'
puma (3.11.2) lib/puma/configuration.rb:225:in `call'
puma (3.11.2) lib/puma/server.rb:624:in `handle_request'
puma (3.11.2) lib/puma/server.rb:438:in `process_client'
puma (3.11.2) lib/puma/server.rb:302:in `block in run'
puma (3.11.2) lib/puma/thread_pool.rb:120:in `block in spawn_thread'
Started GET "/questions/new" for 127.0.0.1 at 2018-10-27 14:28:15 +0100
Processing by QuestionsController#new as HTML
  Rendering questions/new.html.erb within layouts/application
  Rendered questions/new.html.erb within layouts/application (1.3ms)
Completed 200 OK in 20ms (Views: 18.1ms | ActiveRecord: 0.0ms)


Started POST "/questions" for 127.0.0.1 at 2018-10-27 14:28:19 +0100
Processing by QuestionsController#create as HTML
  Parameters: {"utf8"=>"✓", "authenticity_token"=>"gmWW4BATv9VhQODtd1UBch6NYlquuQD/UNuFCOL5KzZ0qYxNplLP0QecLRb+U0SAvHE+Z0xYdXGCMX7n6PKX+Q==", "question"=>{"site_name"=>"Facebook", "security_quesion"=>"How old is your cat?", "security_answer"=>"231"}, "commit"=>"Save Question"}
Unpermitted parameter: :security_quesion
  [1m[35m (0.1ms)[0m  [1m[35mBEGIN[0m
  [1m[35mSQL (1.5ms)[0m  [1m[32mINSERT INTO "questions" ("site_name", "security_answer", "created_at", "updated_at") VALUES ($1, $2, $3, $4) RETURNING "id"[0m  [["site_name", "Facebook"], ["security_answer", "231"], ["created_at", "2018-10-27 13:28:19.154827"], ["updated_at", "2018-10-27 13:28:19.154827"]]
  [1m[35m (0.3ms)[0m  [1m[35mCOMMIT[0m
Redirected to http://localhost:3000/questions/1
Completed 302 Found in 21ms (ActiveRecord: 9.3ms)


Started GET "/questions/1" for 127.0.0.1 at 2018-10-27 14:28:19 +0100
Processing by QuestionsController#show as HTML
  Parameters: {"id"=>"1"}
  [1m[36mQuestion Load (0.4ms)[0m  [1m[34mSELECT  "questions".* FROM "questions" WHERE "questions"."id" = $1 LIMIT $2[0m  [["id", 1], ["LIMIT", 1]]
  Rendering questions/show.html.erb within layouts/application
  Rendered questions/show.html.erb within layouts/application (0.3ms)
Completed 200 OK in 24ms (Views: 17.2ms | ActiveRecord: 0.6ms)


Started GET "/questions/" for 127.0.0.1 at 2018-10-27 14:28:21 +0100
  
AbstractController::ActionNotFound (The action 'index' could not be found for QuestionsController):
  
actionpack (5.1.4) lib/abstract_controller/base.rb:119:in `process'
actionview (5.1.4) lib/action_view/rendering.rb:30:in `process'
actionpack (5.1.4) lib/action_controller/metal.rb:189:in `dispatch'
actionpack (5.1.4) lib/action_controller/metal.rb:253:in `dispatch'
actionpack (5.1.4) lib/action_dispatch/routing/route_set.rb:49:in `dispatch'
actionpack (5.1.4) lib/action_dispatch/routing/route_set.rb:31:in `serve'
actionpack (5.1.4) lib/action_dispatch/journey/router.rb:50:in `block in serve'
actionpack (5.1.4) lib/action_dispatch/journey/router.rb:33:in `each'
actionpack (5.1.4) lib/action_dispatch/journey/router.rb:33:in `serve'
actionpack (5.1.4) lib/action_dispatch/routing/route_set.rb:834:in `call'
rack (2.0.3) lib/rack/etag.rb:25:in `call'
rack (2.0.3) lib/rack/conditional_get.rb:25:in `call'
rack (2.0.3) lib/rack/head.rb:12:in `call'
rack (2.0.3) lib/rack/session/abstract/id.rb:232:in `context'
rack (2.0.3) lib/rack/session/abstract/id.rb:226:in `call'
actionpack (5.1.4) lib/action_dispatch/middleware/cookies.rb:613:in `call'
activerecord (5.1.4) lib/active_record/migration.rb:556:in `call'
actionpack (5.1.4) lib/action_dispatch/middleware/callbacks.rb:26:in `block in call'
activesupport (5.1.4) lib/active_support/callbacks.rb:97:in `run_callbacks'
actionpack (5.1.4) lib/action_dispatch/middleware/callbacks.rb:24:in `call'
actionpack (5.1.4) lib/action_dispatch/middleware/executor.rb:12:in `call'
actionpack (5.1.4) lib/action_dispatch/middleware/debug_exceptions.rb:59:in `call'
actionpack (5.1.4) lib/action_dispatch/middleware/show_exceptions.rb:31:in `call'
railties (5.1.4) lib/rails/rack/logger.rb:36:in `call_app'
railties (5.1.4) lib/rails/rack/logger.rb:24:in `block in call'
activesupport (5.1.4) lib/active_support/tagged_logging.rb:69:in `block in tagged'
activesupport (5.1.4) lib/active_support/tagged_logging.rb:26:in `tagged'
activesupport (5.1.4) lib/active_support/tagged_logging.rb:69:in `tagged'
railties (5.1.4) lib/rails/rack/logger.rb:24:in `call'
actionpack (5.1.4) lib/action_dispatch/middleware/remote_ip.rb:79:in `call'
actionpack (5.1.4) lib/action_dispatch/middleware/request_id.rb:25:in `call'
rack (2.0.3) lib/rack/method_override.rb:22:in `call'
rack (2.0.3) lib/rack/runtime.rb:22:in `call'
activesupport (5.1.4) lib/active_support/cache/strategy/local_cache_middleware.rb:27:in `call'
actionpack (5.1.4) lib/action_dispatch/middleware/executor.rb:12:in `call'
actionpack (5.1.4) lib/action_dispatch/middleware/static.rb:125:in `call'
rack (2.0.3) lib/rack/sendfile.rb:111:in `call'
railties (5.1.4) lib/rails/engine.rb:522:in `call'
puma (3.11.2) lib/puma/configuration.rb:225:in `call'
puma (3.11.2) lib/puma/server.rb:624:in `handle_request'
puma (3.11.2) lib/puma/server.rb:438:in `process_client'
puma (3.11.2) lib/puma/server.rb:302:in `block in run'
puma (3.11.2) lib/puma/thread_pool.rb:120:in `block in spawn_thread'
Started GET "/questions/" for 127.0.0.1 at 2018-10-27 14:29:26 +0100
  [1m[35m (1.6ms)[0m  [1m[34mSELECT "schema_migrations"."version" FROM "schema_migrations" ORDER BY "schema_migrations"."version" ASC[0m
Processing by QuestionsController#index as HTML
  Rendering questions/index.html.erb within layouts/application
  Rendered questions/index.html.erb within layouts/application (5.1ms)
Completed 500 Internal Server Error in 19ms (ActiveRecord: 0.0ms)


  
ActionView::Template::Error (undefined method `each' for nil:NilClass):
     7:     <th></th>
     8:   </tr>
     9:  
    10:   <% @questions.each do |question| %>
    11:     <tr>
    12:       <td><%= question.site_name %></td>
    13:       <td><%= question.security_quetsion %></td>
  
app/views/questions/index.html.erb:10:in `_app_views_questions_index_html_erb___464715986155170873_70162240783040'
Started GET "/questions/" for 127.0.0.1 at 2018-10-27 14:31:23 +0100
Processing by QuestionsController#index as HTML
  Rendering questions/index.html.erb within layouts/application
  [1m[36mQuestion Load (0.3ms)[0m  [1m[34mSELECT "questions".* FROM "questions"[0m
  Rendered questions/index.html.erb within layouts/application (23.9ms)
Completed 500 Internal Server Error in 33ms (ActiveRecord: 5.5ms)


  
ActionView::Template::Error (undefined method `security_quetsion' for #<Question:0x00007f9fd9027e90>
Did you mean?  security_question
               security_question?
               security_question=):
    10:   <% @questions.each do |question| %>
    11:     <tr>
    12:       <td><%= question.site_name %></td>
    13:       <td><%= question.security_quetsion %></td>
    14:       <td><%= link_to 'Show', article_path(question) %></td>
    15:     </tr>
    16:   <% end %>
  
app/views/questions/index.html.erb:13:in `block in _app_views_questions_index_html_erb___464715986155170873_70162256115460'
app/views/questions/index.html.erb:10:in `_app_views_questions_index_html_erb___464715986155170873_70162256115460'
Started GET "/questions/" for 127.0.0.1 at 2018-10-27 14:31:33 +0100
Processing by QuestionsController#index as HTML
  Rendering questions/index.html.erb within layouts/application
  [1m[36mQuestion Load (0.2ms)[0m  [1m[34mSELECT "questions".* FROM "questions"[0m
  Rendered questions/index.html.erb within layouts/application (119.3ms)
Completed 500 Internal Server Error in 127ms (ActiveRecord: 0.2ms)


  
ActionView::Template::Error (undefined method `article_path' for #<#<Class:0x00007f9fd8b463e0>:0x00007f9fd8ade128>):
    11:     <tr>
    12:       <td><%= question.site_name %></td>
    13:       <td><%= question.security_question %></td>
    14:       <td><%= link_to 'Show', article_path(question) %></td>
    15:     </tr>
    16:   <% end %>
    17: </table>
  
app/views/questions/index.html.erb:14:in `block in _app_views_questions_index_html_erb___464715986155170873_70162255902080'
app/views/questions/index.html.erb:10:in `_app_views_questions_index_html_erb___464715986155170873_70162255902080'
Started GET "/questions/" for 127.0.0.1 at 2018-10-27 14:31:40 +0100
Processing by QuestionsController#index as HTML
  Rendering questions/index.html.erb within layouts/application
  [1m[36mQuestion Load (0.4ms)[0m  [1m[34mSELECT "questions".* FROM "questions"[0m
  Rendered questions/index.html.erb within layouts/application (2.0ms)
Completed 200 OK in 22ms (Views: 20.2ms | ActiveRecord: 0.4ms)


Started GET "/questions/" for 127.0.0.1 at 2018-10-27 14:31:47 +0100
Processing by QuestionsController#index as HTML
  Rendering questions/index.html.erb within layouts/application
  [1m[36mQuestion Load (0.3ms)[0m  [1m[34mSELECT "questions".* FROM "questions"[0m
  Rendered questions/index.html.erb within layouts/application (2.2ms)
Completed 200 OK in 20ms (Views: 17.6ms | ActiveRecord: 0.3ms)


Started GET "/questions/" for 127.0.0.1 at 2018-10-27 14:31:56 +0100
Processing by QuestionsController#index as HTML
  Rendering questions/index.html.erb within layouts/application
  [1m[36mQuestion Load (0.4ms)[0m  [1m[34mSELECT "questions".* FROM "questions"[0m
  Rendered questions/index.html.erb within layouts/application (12.6ms)
Completed 200 OK in 37ms (Views: 25.2ms | ActiveRecord: 5.9ms)


Started GET "/questions/1" for 127.0.0.1 at 2018-10-27 14:31:57 +0100
Processing by QuestionsController#show as HTML
  Parameters: {"id"=>"1"}
  [1m[36mQuestion Load (0.4ms)[0m  [1m[34mSELECT  "questions".* FROM "questions" WHERE "questions"."id" = $1 LIMIT $2[0m  [["id", 1], ["LIMIT", 1]]
  Rendering questions/show.html.erb within layouts/application
  Rendered questions/show.html.erb within layouts/application (0.5ms)
Completed 200 OK in 28ms (Views: 22.5ms | ActiveRecord: 0.4ms)


Started GET "/questions/1" for 127.0.0.1 at 2018-10-27 14:32:00 +0100
Processing by QuestionsController#show as HTML
  Parameters: {"id"=>"1"}
  [1m[36mQuestion Load (0.3ms)[0m  [1m[34mSELECT  "questions".* FROM "questions" WHERE "questions"."id" = $1 LIMIT $2[0m  [["id", 1], ["LIMIT", 1]]
  Rendering questions/show.html.erb within layouts/application
  Rendered questions/show.html.erb within layouts/application (0.5ms)
Completed 200 OK in 25ms (Views: 21.5ms | ActiveRecord: 0.3ms)


Started GET "/questions/1" for 127.0.0.1 at 2018-10-27 14:32:21 +0100
Processing by QuestionsController#show as HTML
  Parameters: {"id"=>"1"}
  [1m[36mQuestion Load (0.5ms)[0m  [1m[34mSELECT  "questions".* FROM "questions" WHERE "questions"."id" = $1 LIMIT $2[0m  [["id", 1], ["LIMIT", 1]]
  Rendering questions/show.html.erb within layouts/application
  Rendered questions/show.html.erb within layouts/application (0.4ms)
Completed 200 OK in 22ms (Views: 18.1ms | ActiveRecord: 0.5ms)


Started GET "/questions/" for 127.0.0.1 at 2018-10-27 14:32:23 +0100
Processing by QuestionsController#index as HTML
  Rendering questions/index.html.erb within layouts/application
  [1m[36mQuestion Load (0.4ms)[0m  [1m[34mSELECT "questions".* FROM "questions"[0m
  Rendered questions/index.html.erb within layouts/application (1.9ms)
Completed 200 OK in 25ms (Views: 21.6ms | ActiveRecord: 0.4ms)


Started GET "/questions/new" for 127.0.0.1 at 2018-10-27 14:32:26 +0100
Processing by QuestionsController#new as HTML
  Rendering questions/new.html.erb within layouts/application
  Rendered questions/new.html.erb within layouts/application (1.3ms)
Completed 200 OK in 23ms (Views: 20.4ms | ActiveRecord: 0.0ms)


Started POST "/questions" for 127.0.0.1 at 2018-10-27 14:32:31 +0100
Processing by QuestionsController#create as HTML
  Parameters: {"utf8"=>"✓", "authenticity_token"=>"5jo1vCBfa2D/lbGI63LVn2qeQCpzyn4tYZyw1gIjOQ8Q9i8Rlh4bZJlJfHNidJBtyGIcF5ErC6Ozdks5CCiFwA==", "question"=>{"site_name"=>"Twitter", "security_quesion"=>"How old is your cat?", "security_answer"=>"2312"}, "commit"=>"Save Question"}
Unpermitted parameter: :security_quesion
  [1m[35m (0.1ms)[0m  [1m[35mBEGIN[0m
  [1m[35mSQL (0.4ms)[0m  [1m[32mINSERT INTO "questions" ("site_name", "security_answer", "created_at", "updated_at") VALUES ($1, $2, $3, $4) RETURNING "id"[0m  [["site_name", "Twitter"], ["security_answer", "2312"], ["created_at", "2018-10-27 13:32:31.385524"], ["updated_at", "2018-10-27 13:32:31.385524"]]
  [1m[35m (0.3ms)[0m  [1m[35mCOMMIT[0m
Redirected to http://localhost:3000/questions/2
Completed 302 Found in 4ms (ActiveRecord: 0.7ms)


Started GET "/questions/2" for 127.0.0.1 at 2018-10-27 14:32:31 +0100
Processing by QuestionsController#show as HTML
  Parameters: {"id"=>"2"}
  [1m[36mQuestion Load (0.2ms)[0m  [1m[34mSELECT  "questions".* FROM "questions" WHERE "questions"."id" = $1 LIMIT $2[0m  [["id", 2], ["LIMIT", 1]]
  Rendering questions/show.html.erb within layouts/application
  Rendered questions/show.html.erb within layouts/application (0.4ms)
Completed 200 OK in 28ms (Views: 25.4ms | ActiveRecord: 0.2ms)


Started GET "/questions/2" for 127.0.0.1 at 2018-10-27 14:33:10 +0100
Processing by QuestionsController#show as HTML
  Parameters: {"id"=>"2"}
  [1m[36mQuestion Load (0.5ms)[0m  [1m[34mSELECT  "questions".* FROM "questions" WHERE "questions"."id" = $1 LIMIT $2[0m  [["id", 2], ["LIMIT", 1]]
  Rendering questions/show.html.erb within layouts/application
  Rendered questions/show.html.erb within layouts/application (0.4ms)
Completed 200 OK in 215ms (Views: 194.7ms | ActiveRecord: 7.0ms)


Started POST "/questions" for 127.0.0.1 at 2018-10-27 14:33:12 +0100
Processing by QuestionsController#create as HTML
  Parameters: {"utf8"=>"✓", "authenticity_token"=>"5jo1vCBfa2D/lbGI63LVn2qeQCpzyn4tYZyw1gIjOQ8Q9i8Rlh4bZJlJfHNidJBtyGIcF5ErC6Ozdks5CCiFwA==", "question"=>{"site_name"=>"Twitter", "security_quesion"=>"How old is your cat?", "security_answer"=>"2312"}, "commit"=>"Save Question"}
Unpermitted parameter: :security_quesion
  [1m[35m (0.1ms)[0m  [1m[35mBEGIN[0m
  [1m[35mSQL (0.8ms)[0m  [1m[32mINSERT INTO "questions" ("site_name", "security_answer", "created_at", "updated_at") VALUES ($1, $2, $3, $4) RETURNING "id"[0m  [["site_name", "Twitter"], ["security_answer", "2312"], ["created_at", "2018-10-27 13:33:12.162451"], ["updated_at", "2018-10-27 13:33:12.162451"]]
  [1m[35m (0.4ms)[0m  [1m[35mCOMMIT[0m
Redirected to http://localhost:3000/questions/3
Completed 302 Found in 6ms (ActiveRecord: 1.3ms)


Started GET "/questions/3" for 127.0.0.1 at 2018-10-27 14:33:12 +0100
Processing by QuestionsController#show as HTML
  Parameters: {"id"=>"3"}
  [1m[36mQuestion Load (0.3ms)[0m  [1m[34mSELECT  "questions".* FROM "questions" WHERE "questions"."id" = $1 LIMIT $2[0m  [["id", 3], ["LIMIT", 1]]
  Rendering questions/show.html.erb within layouts/application
  Rendered questions/show.html.erb within layouts/application (0.8ms)
Completed 200 OK in 26ms (Views: 22.8ms | ActiveRecord: 0.3ms)


Started GET "/questions/new" for 127.0.0.1 at 2018-10-27 14:33:31 +0100
Processing by QuestionsController#new as HTML
  Rendering questions/new.html.erb within layouts/application
  Rendered questions/new.html.erb within layouts/application (12.9ms)
Completed 200 OK in 35ms (Views: 33.0ms | ActiveRecord: 0.0ms)


Started POST "/questions" for 127.0.0.1 at 2018-10-27 14:33:36 +0100
Processing by QuestionsController#create as HTML
  Parameters: {"utf8"=>"✓", "authenticity_token"=>"XIiYAl4Fh3LUy3QnW+/rUmoAPM131tLc1+aqdat8ptmqRIKv6ET3drIXudzS6a6gyPxg8JU3p1IFDFGaoXcaFg==", "question"=>{"site_name"=>"Facebook", "security_quesion"=>"How old is your cat?", "security_answer"=>"231213"}, "commit"=>"Save Question"}
Unpermitted parameter: :security_quesion
  [1m[35m (0.1ms)[0m  [1m[35mBEGIN[0m
  [1m[35mSQL (0.5ms)[0m  [1m[32mINSERT INTO "questions" ("site_name", "security_answer", "created_at", "updated_at") VALUES ($1, $2, $3, $4) RETURNING "id"[0m  [["site_name", "Facebook"], ["security_answer", "231213"], ["created_at", "2018-10-27 13:33:36.376750"], ["updated_at", "2018-10-27 13:33:36.376750"]]
  [1m[35m (0.3ms)[0m  [1m[35mCOMMIT[0m
Redirected to http://localhost:3000/questions/4
Completed 302 Found in 4ms (ActiveRecord: 0.9ms)


Started GET "/questions/4" for 127.0.0.1 at 2018-10-27 14:33:36 +0100
Processing by QuestionsController#show as HTML
  Parameters: {"id"=>"4"}
  [1m[36mQuestion Load (0.3ms)[0m  [1m[34mSELECT  "questions".* FROM "questions" WHERE "questions"."id" = $1 LIMIT $2[0m  [["id", 4], ["LIMIT", 1]]
  Rendering questions/show.html.erb within layouts/application
  Rendered questions/show.html.erb within layouts/application (0.4ms)
Completed 200 OK in 22ms (Views: 19.0ms | ActiveRecord: 0.3ms)


Started GET "/questions/4" for 127.0.0.1 at 2018-10-27 14:34:18 +0100
  [1m[35m (0.2ms)[0m  [1m[34mSELECT "schema_migrations"."version" FROM "schema_migrations" ORDER BY "schema_migrations"."version" ASC[0m
Processing by QuestionsController#show as HTML
  Parameters: {"id"=>"4"}
  [1m[36mQuestion Load (0.4ms)[0m  [1m[34mSELECT  "questions".* FROM "questions" WHERE "questions"."id" = $1 LIMIT $2[0m  [["id", 4], ["LIMIT", 1]]
  Rendering questions/show.html.erb within layouts/application
  Rendered questions/show.html.erb within layouts/application (0.4ms)
Completed 200 OK in 41ms (Views: 21.4ms | ActiveRecord: 6.0ms)


Started GET "/questions/4" for 127.0.0.1 at 2018-10-27 14:34:50 +0100
Processing by QuestionsController#show as HTML
  Parameters: {"id"=>"4"}
  [1m[36mQuestion Load (0.2ms)[0m  [1m[34mSELECT  "questions".* FROM "questions" WHERE "questions"."id" = $1 LIMIT $2[0m  [["id", 4], ["LIMIT", 1]]
  Rendering questions/show.html.erb within layouts/application
  Rendered questions/show.html.erb within layouts/application (0.4ms)
Completed 200 OK in 33ms (Views: 18.9ms | ActiveRecord: 4.7ms)


Started GET "/questions/4" for 127.0.0.1 at 2018-10-27 14:35:02 +0100
  [1m[35m (0.8ms)[0m  [1m[34mSELECT "schema_migrations"."version" FROM "schema_migrations" ORDER BY "schema_migrations"."version" ASC[0m
Processing by QuestionsController#show as HTML
  Parameters: {"id"=>"4"}
  [1m[36mQuestion Load (0.7ms)[0m  [1m[34mSELECT  "questions".* FROM "questions" WHERE "questions"."id" = $1 LIMIT $2[0m  [["id", 4], ["LIMIT", 1]]
  Rendering questions/show.html.erb within layouts/application
  Rendered questions/show.html.erb within layouts/application (1.6ms)
Completed 200 OK in 179ms (Views: 154.3ms | ActiveRecord: 7.3ms)


Started GET "/questions/" for 127.0.0.1 at 2018-10-27 14:35:26 +0100
  [1m[35m (0.8ms)[0m  [1m[34mSELECT "schema_migrations"."version" FROM "schema_migrations" ORDER BY "schema_migrations"."version" ASC[0m
Processing by QuestionsController#index as HTML
  Rendering questions/index.html.erb within layouts/application
  [1m[36mQuestion Load (0.7ms)[0m  [1m[34mSELECT "questions".* FROM "questions"[0m
  Rendered questions/index.html.erb within layouts/application (13.3ms)
Completed 200 OK in 172ms (Views: 158.2ms | ActiveRecord: 6.0ms)


Started GET "/questions/" for 127.0.0.1 at 2018-10-27 14:35:46 +0100
Processing by QuestionsController#index as HTML
  Rendering questions/index.html.erb within layouts/application
  [1m[36mQuestion Load (0.3ms)[0m  [1m[34mSELECT "questions".* FROM "questions"[0m
  Rendered questions/index.html.erb within layouts/application (1.6ms)
Completed 200 OK in 38ms (Views: 35.4ms | ActiveRecord: 0.3ms)


Started GET "/questions/new" for 127.0.0.1 at 2018-10-27 14:35:55 +0100
Processing by QuestionsController#new as HTML
  Rendering questions/new.html.erb within layouts/application
  Rendered questions/new.html.erb within layouts/application (13.4ms)
Completed 200 OK in 37ms (Views: 34.7ms | ActiveRecord: 0.0ms)


Started POST "/questions" for 127.0.0.1 at 2018-10-27 14:35:59 +0100
Processing by QuestionsController#create as HTML
  Parameters: {"utf8"=>"✓", "authenticity_token"=>"SHf26AjCdZYpctmcC7YNBVRFzIQb94JKktQb6UaNmBW+u+xFvoMFkk+uFGeCsEj39rmQufkW98RAPuAGTIYk2g==", "question"=>{"site_name"=>"Facebook", "security_question"=>"What is your first pet?", "security_answer"=>"Cat"}, "commit"=>"Save Question"}
  [1m[35m (0.3ms)[0m  [1m[35mBEGIN[0m
  [1m[35mSQL (0.6ms)[0m  [1m[32mINSERT INTO "questions" ("site_name", "security_question", "security_answer", "created_at", "updated_at") VALUES ($1, $2, $3, $4, $5) RETURNING "id"[0m  [["site_name", "Facebook"], ["security_question", "What is your first pet?"], ["security_answer", "Cat"], ["created_at", "2018-10-27 13:35:59.823619"], ["updated_at", "2018-10-27 13:35:59.823619"]]
  [1m[35m (0.3ms)[0m  [1m[35mCOMMIT[0m
Redirected to http://localhost:3000/questions/5
Completed 302 Found in 7ms (ActiveRecord: 1.1ms)


Started GET "/questions/5" for 127.0.0.1 at 2018-10-27 14:35:59 +0100
Processing by QuestionsController#show as HTML
  Parameters: {"id"=>"5"}
  [1m[36mQuestion Load (0.3ms)[0m  [1m[34mSELECT  "questions".* FROM "questions" WHERE "questions"."id" = $1 LIMIT $2[0m  [["id", 5], ["LIMIT", 1]]
  Rendering questions/show.html.erb within layouts/application
  Rendered questions/show.html.erb within layouts/application (0.6ms)
Completed 200 OK in 39ms (Views: 32.2ms | ActiveRecord: 0.4ms)


Started GET "/questions/" for 127.0.0.1 at 2018-10-27 14:36:02 +0100
Processing by QuestionsController#index as HTML
  Rendering questions/index.html.erb within layouts/application
  [1m[36mQuestion Load (0.3ms)[0m  [1m[34mSELECT "questions".* FROM "questions"[0m
  Rendered questions/index.html.erb within layouts/application (2.3ms)
Completed 200 OK in 37ms (Views: 34.4ms | ActiveRecord: 0.3ms)


Started GET "/questions/" for 127.0.0.1 at 2018-10-27 14:36:48 +0100
Processing by QuestionsController#index as HTML
  Rendering questions/index.html.erb within layouts/application
  [1m[36mQuestion Load (0.3ms)[0m  [1m[34mSELECT "questions".* FROM "questions"[0m
  Rendered questions/index.html.erb within layouts/application (2.3ms)
Completed 200 OK in 34ms (Views: 30.7ms | ActiveRecord: 0.3ms)


Started GET "/questions/5" for 127.0.0.1 at 2018-10-27 14:36:50 +0100
Processing by QuestionsController#show as HTML
  Parameters: {"id"=>"5"}
  [1m[36mQuestion Load (0.4ms)[0m  [1m[34mSELECT  "questions".* FROM "questions" WHERE "questions"."id" = $1 LIMIT $2[0m  [["id", 5], ["LIMIT", 1]]
  Rendering questions/show.html.erb within layouts/application
  Rendered questions/show.html.erb within layouts/application (0.5ms)
Completed 200 OK in 23ms (Views: 20.0ms | ActiveRecord: 0.4ms)


Started GET "/questions/new" for 127.0.0.1 at 2018-10-27 14:36:53 +0100
Processing by QuestionsController#new as HTML
  Rendering questions/new.html.erb within layouts/application
  Rendered questions/new.html.erb within layouts/application (2.6ms)
Completed 200 OK in 24ms (Views: 21.8ms | ActiveRecord: 0.0ms)


Started GET "/questions" for 127.0.0.1 at 2018-10-27 14:36:54 +0100
Processing by QuestionsController#index as HTML
  Rendering questions/index.html.erb within layouts/application
  [1m[36mQuestion Load (0.3ms)[0m  [1m[34mSELECT "questions".* FROM "questions"[0m
  Rendered questions/index.html.erb within layouts/application (1.6ms)
Completed 200 OK in 23ms (Views: 20.8ms | ActiveRecord: 0.3ms)


Started GET "/questions" for 127.0.0.1 at 2018-10-27 14:38:31 +0100
Processing by QuestionsController#index as HTML
  Rendering questions/index.html.erb within layouts/application
  [1m[36mQuestion Load (0.3ms)[0m  [1m[34mSELECT "questions".* FROM "questions"[0m
  Rendered questions/index.html.erb within layouts/application (1.8ms)
Completed 200 OK in 37ms (Views: 34.5ms | ActiveRecord: 0.3ms)


Started GET "/questions/1/edit" for 127.0.0.1 at 2018-10-27 14:38:35 +0100
Processing by QuestionsController#edit as HTML
  Parameters: {"id"=>"1"}
  Rendering questions/edit.html.erb within layouts/application
  Rendered questions/edit.html.erb within layouts/application (249.7ms)
Completed 500 Internal Server Error in 256ms (ActiveRecord: 0.0ms)


  
ActionView::Template::Error (undefined local variable or method `articles_path' for #<#<Class:0x00007fbdedf9e018>:0x00007fbdeeb93210>
Did you mean?  asset_path):
    23:  
    24: <% end %>
    25:  
    26: <%= link_to 'Back', articles_path %>
  
app/views/questions/edit.html.erb:26:in `_app_views_questions_edit_html_erb___1345549730172263304_70226871403820'
Started GET "/questions" for 127.0.0.1 at 2018-10-27 14:39:08 +0100
Processing by QuestionsController#index as HTML
  Rendering questions/index.html.erb within layouts/application
  [1m[36mQuestion Load (0.3ms)[0m  [1m[34mSELECT "questions".* FROM "questions"[0m
  Rendered questions/index.html.erb within layouts/application (11.0ms)
Completed 200 OK in 33ms (Views: 23.6ms | ActiveRecord: 5.4ms)


Started GET "/questions" for 127.0.0.1 at 2018-10-27 14:39:23 +0100
Processing by QuestionsController#index as HTML
  Rendering questions/index.html.erb within layouts/application
  [1m[36mQuestion Load (0.6ms)[0m  [1m[34mSELECT "questions".* FROM "questions"[0m
  Rendered questions/index.html.erb within layouts/application (2.3ms)
Completed 200 OK in 22ms (Views: 19.8ms | ActiveRecord: 0.6ms)


Started GET "/questions/5/edit" for 127.0.0.1 at 2018-10-27 14:39:24 +0100
Processing by QuestionsController#edit as HTML
  Parameters: {"id"=>"5"}
  Rendering questions/edit.html.erb within layouts/application
  Rendered questions/edit.html.erb within layouts/application (174.3ms)
Completed 500 Internal Server Error in 180ms (ActiveRecord: 0.0ms)


  
ActionView::Template::Error (undefined local variable or method `articles_path' for #<#<Class:0x00007fbdf34f4fd0>:0x00007fbdf58e3a90>
Did you mean?  asset_path):
    23:  
    24: <% end %>
    25:  
    26: <%= link_to 'Back', articles_path %>
  
app/views/questions/edit.html.erb:26:in `_app_views_questions_edit_html_erb___1345549730172263304_70226854798820'
Started GET "/questions/5/edit" for 127.0.0.1 at 2018-10-27 14:39:33 +0100
Processing by QuestionsController#edit as HTML
  Parameters: {"id"=>"5"}
  Rendering questions/edit.html.erb within layouts/application
  Rendered questions/edit.html.erb within layouts/application (1.5ms)
Completed 200 OK in 20ms (Views: 18.1ms | ActiveRecord: 0.0ms)


Started GET "/questions" for 127.0.0.1 at 2018-10-27 14:39:39 +0100
Processing by QuestionsController#index as HTML
  Rendering questions/index.html.erb within layouts/application
  [1m[36mQuestion Load (0.3ms)[0m  [1m[34mSELECT "questions".* FROM "questions"[0m
  Rendered questions/index.html.erb within layouts/application (2.1ms)
Completed 200 OK in 28ms (Views: 25.7ms | ActiveRecord: 0.3ms)


Started GET "/questions/5/edit" for 127.0.0.1 at 2018-10-27 14:39:41 +0100
Processing by QuestionsController#edit as HTML
  Parameters: {"id"=>"5"}
  Rendering questions/edit.html.erb within layouts/application
  Rendered questions/edit.html.erb within layouts/application (1.7ms)
Completed 200 OK in 26ms (Views: 24.5ms | ActiveRecord: 0.0ms)


Started GET "/questions/5/edit" for 127.0.0.1 at 2018-10-27 14:41:56 +0100
Processing by QuestionsController#edit as HTML
  Parameters: {"id"=>"5"}
  Rendering questions/edit.html.erb within layouts/application
  Rendered questions/edit.html.erb within layouts/application (0.4ms)
Completed 500 Internal Server Error in 7ms (ActiveRecord: 0.0ms)


  
SyntaxError (/Users/Wrok/Desktop/hacksheffield/app/views/questions/edit.html.erb:8: syntax error, unexpected keyword_ensure, expecting end-of-input
          ensure
                ^):
  
app/views/questions/edit.html.erb:8: syntax error, unexpected keyword_ensure, expecting end-of-input
Started GET "/questions/5/edit" for 127.0.0.1 at 2018-10-27 14:42:13 +0100
Processing by QuestionsController#edit as HTML
  Parameters: {"id"=>"5"}
  Rendering questions/edit.html.erb within layouts/application
  Rendered questions/_form.html.erb (1.6ms)
  Rendered questions/edit.html.erb within layouts/application (4.0ms)
Completed 200 OK in 26ms (Views: 24.4ms | ActiveRecord: 0.0ms)


Started GET "/questions/5/edit" for 127.0.0.1 at 2018-10-27 14:42:15 +0100
Processing by QuestionsController#edit as HTML
  Parameters: {"id"=>"5"}
  Rendering questions/edit.html.erb within layouts/application
  Rendered questions/_form.html.erb (1.2ms)
  Rendered questions/edit.html.erb within layouts/application (2.9ms)
Completed 200 OK in 27ms (Views: 25.1ms | ActiveRecord: 0.0ms)


Started GET "/questions/5/edit" for 127.0.0.1 at 2018-10-27 14:42:29 +0100
Processing by QuestionsController#edit as HTML
  Parameters: {"id"=>"5"}
  Rendering questions/edit.html.erb within layouts/application
  Rendered questions/_form.html.erb (1.8ms)
  Rendered questions/edit.html.erb within layouts/application (3.9ms)
Completed 200 OK in 29ms (Views: 27.2ms | ActiveRecord: 0.0ms)


Started GET "/questions/5/edit" for 127.0.0.1 at 2018-10-27 14:43:19 +0100
Processing by QuestionsController#edit as HTML
  Parameters: {"id"=>"5"}
  [1m[36mQuestion Load (0.3ms)[0m  [1m[34mSELECT  "questions".* FROM "questions" WHERE "questions"."id" = $1 LIMIT $2[0m  [["id", 5], ["LIMIT", 1]]
  Rendering questions/edit.html.erb within layouts/application
  Rendered questions/_form.html.erb (3.2ms)
  Rendered questions/edit.html.erb within layouts/application (5.4ms)
Completed 200 OK in 55ms (Views: 36.3ms | ActiveRecord: 5.6ms)


Started PATCH "/questions/5" for 127.0.0.1 at 2018-10-27 14:43:24 +0100
Processing by QuestionsController#update as HTML
  Parameters: {"utf8"=>"✓", "authenticity_token"=>"Nnxipkiw9NoUbQ/T0cLIe5Yf6gRWdqrO2lgR5kzz96XAsHgL/vGE3nKxwihYxI2JNOO2ObSX30AIsuoJRvhLag==", "question"=>{"site_name"=>"Facebook", "security_question"=>"What is your first pet?", "security_answer"=>"Dog"}, "commit"=>"Update Question", "id"=>"5"}
  [1m[36mQuestion Load (0.3ms)[0m  [1m[34mSELECT  "questions".* FROM "questions" WHERE "questions"."id" = $1 LIMIT $2[0m  [["id", 5], ["LIMIT", 1]]
  [1m[35m (0.1ms)[0m  [1m[35mBEGIN[0m
  [1m[35mSQL (2.6ms)[0m  [1m[33mUPDATE "questions" SET "security_answer" = $1, "updated_at" = $2 WHERE "questions"."id" = $3[0m  [["security_answer", "Dog"], ["updated_at", "2018-10-27 13:43:24.783150"], ["id", 5]]
  [1m[35m (0.3ms)[0m  [1m[35mCOMMIT[0m
Redirected to http://localhost:3000/questions/5
Completed 302 Found in 11ms (ActiveRecord: 3.3ms)


Started GET "/questions/5" for 127.0.0.1 at 2018-10-27 14:43:24 +0100
Processing by QuestionsController#show as HTML
  Parameters: {"id"=>"5"}
  [1m[36mQuestion Load (0.2ms)[0m  [1m[34mSELECT  "questions".* FROM "questions" WHERE "questions"."id" = $1 LIMIT $2[0m  [["id", 5], ["LIMIT", 1]]
  Rendering questions/show.html.erb within layouts/application
  Rendered questions/show.html.erb within layouts/application (2.7ms)
Completed 500 Internal Server Error in 10ms (ActiveRecord: 0.2ms)


  
ActionView::Template::Error (undefined method `title' for nil:NilClass):
    16: 
    17: <p>
    18:   <strong>Title:</strong>
    19:   <%= @article.title %>
    20: </p>
    21:  
    22: <p>
  
app/views/questions/show.html.erb:19:in `_app_views_questions_show_html_erb___2911239609757605838_70226871054920'
Started GET "/questions/5" for 127.0.0.1 at 2018-10-27 14:43:35 +0100
Processing by QuestionsController#show as HTML
  Parameters: {"id"=>"5"}
  [1m[36mQuestion Load (0.2ms)[0m  [1m[34mSELECT  "questions".* FROM "questions" WHERE "questions"."id" = $1 LIMIT $2[0m  [["id", 5], ["LIMIT", 1]]
  Rendering questions/show.html.erb within layouts/application
  Rendered questions/show.html.erb within layouts/application (0.5ms)
Completed 200 OK in 35ms (Views: 19.6ms | ActiveRecord: 5.2ms)


Started GET "/questions" for 127.0.0.1 at 2018-10-27 14:43:36 +0100
Processing by QuestionsController#index as HTML
  Rendering questions/index.html.erb within layouts/application
  [1m[36mQuestion Load (0.3ms)[0m  [1m[34mSELECT "questions".* FROM "questions"[0m
  Rendered questions/index.html.erb within layouts/application (2.1ms)
Completed 200 OK in 25ms (Views: 20.5ms | ActiveRecord: 0.3ms)


Started GET "/questions/5" for 127.0.0.1 at 2018-10-27 14:43:37 +0100
Processing by QuestionsController#show as HTML
  Parameters: {"id"=>"5"}
  [1m[36mQuestion Load (0.2ms)[0m  [1m[34mSELECT  "questions".* FROM "questions" WHERE "questions"."id" = $1 LIMIT $2[0m  [["id", 5], ["LIMIT", 1]]
  Rendering questions/show.html.erb within layouts/application
  Rendered questions/show.html.erb within layouts/application (0.7ms)
Completed 200 OK in 27ms (Views: 23.7ms | ActiveRecord: 0.2ms)


Started GET "/questions" for 127.0.0.1 at 2018-10-27 14:43:38 +0100
Processing by QuestionsController#index as HTML
  Rendering questions/index.html.erb within layouts/application
  [1m[36mQuestion Load (0.3ms)[0m  [1m[34mSELECT "questions".* FROM "questions"[0m
  Rendered questions/index.html.erb within layouts/application (1.9ms)
Completed 200 OK in 26ms (Views: 23.0ms | ActiveRecord: 0.3ms)


Started GET "/questions/5/edit" for 127.0.0.1 at 2018-10-27 14:43:39 +0100
Processing by QuestionsController#edit as HTML
  Parameters: {"id"=>"5"}
  [1m[36mQuestion Load (0.2ms)[0m  [1m[34mSELECT  "questions".* FROM "questions" WHERE "questions"."id" = $1 LIMIT $2[0m  [["id", 5], ["LIMIT", 1]]
  Rendering questions/edit.html.erb within layouts/application
  Rendered questions/_form.html.erb (3.1ms)
  Rendered questions/edit.html.erb within layouts/application (5.7ms)
Completed 200 OK in 29ms (Views: 25.5ms | ActiveRecord: 0.2ms)


Started GET "/questions" for 127.0.0.1 at 2018-10-27 14:43:40 +0100
Processing by QuestionsController#index as HTML
  Rendering questions/index.html.erb within layouts/application
  [1m[36mQuestion Load (0.3ms)[0m  [1m[34mSELECT "questions".* FROM "questions"[0m
  Rendered questions/index.html.erb within layouts/application (2.0ms)
Completed 200 OK in 33ms (Views: 30.8ms | ActiveRecord: 0.3ms)


Started GET "/questions" for 127.0.0.1 at 2018-10-27 14:44:25 +0100
Processing by QuestionsController#index as HTML
  Rendering questions/index.html.erb within layouts/application
  [1m[36mQuestion Load (0.3ms)[0m  [1m[34mSELECT "questions".* FROM "questions"[0m
  Rendered questions/index.html.erb within layouts/application (11.3ms)
Completed 200 OK in 34ms (Views: 23.8ms | ActiveRecord: 6.0ms)


Started DELETE "/questions/5" for 127.0.0.1 at 2018-10-27 14:44:27 +0100
Processing by QuestionsController#destroy as HTML
  Parameters: {"authenticity_token"=>"f6hDBghjuynxEIE2r50OrOTXKiodjmaFWlaOSxfkK1KJZFmrviLLLZfMTM0mm0teRit2F/9vEwuIvHWkHe+XnQ==", "id"=>"5"}
  [1m[36mQuestion Load (0.3ms)[0m  [1m[34mSELECT  "questions".* FROM "questions" WHERE "questions"."id" = $1 LIMIT $2[0m  [["id", 5], ["LIMIT", 1]]
  [1m[35m (0.1ms)[0m  [1m[35mBEGIN[0m
  [1m[35mSQL (0.5ms)[0m  [1m[31mDELETE FROM "questions" WHERE "questions"."id" = $1[0m  [["id", 5]]
  [1m[35m (0.4ms)[0m  [1m[35mCOMMIT[0m
Redirected to http://localhost:3000/questions
Completed 302 Found in 5ms (ActiveRecord: 1.3ms)


Started GET "/questions" for 127.0.0.1 at 2018-10-27 14:44:27 +0100
Processing by QuestionsController#index as HTML
  Rendering questions/index.html.erb within layouts/application
  [1m[36mQuestion Load (0.2ms)[0m  [1m[34mSELECT "questions".* FROM "questions"[0m
  Rendered questions/index.html.erb within layouts/application (1.0ms)
Completed 200 OK in 20ms (Views: 17.7ms | ActiveRecord: 0.2ms)


Started GET "/questions" for 127.0.0.1 at 2018-10-27 14:44:52 +0100
Processing by QuestionsController#index as HTML
  Rendering questions/index.html.erb within layouts/application
  [1m[36mQuestion Load (0.3ms)[0m  [1m[34mSELECT  "questions".* FROM "questions" LIMIT $1[0m  [["LIMIT", 11]]
  [1m[36mCACHE Question Load (0.0ms)[0m  [1m[34mSELECT  "questions".* FROM "questions" LIMIT $1[0m  [["LIMIT", 11]]
  [1m[36mCACHE Question Load (0.0ms)[0m  [1m[34mSELECT  "questions".* FROM "questions" LIMIT $1[0m  [["LIMIT", 11]]
  [1m[36mCACHE Question Load (0.0ms)[0m  [1m[34mSELECT  "questions".* FROM "questions" LIMIT $1[0m  [["LIMIT", 11]]
  [1m[36mCACHE Question Load (0.0ms)[0m  [1m[34mSELECT  "questions".* FROM "questions" LIMIT $1[0m  [["LIMIT", 11]]
  [1m[36mCACHE Question Load (0.0ms)[0m  [1m[34mSELECT  "questions".* FROM "questions" LIMIT $1[0m  [["LIMIT", 11]]
  [1m[36mCACHE Question Load (0.0ms)[0m  [1m[34mSELECT  "questions".* FROM "questions" LIMIT $1[0m  [["LIMIT", 11]]
  [1m[36mCACHE Question Load (0.0ms)[0m  [1m[34mSELECT  "questions".* FROM "questions" LIMIT $1[0m  [["LIMIT", 11]]
  Rendered questions/index.html.erb within layouts/application (157.1ms)
Completed 500 Internal Server Error in 164ms (ActiveRecord: 0.4ms)


  
ActionView::Template::Error (undefined local variable or method `question' for #<#<Class:0x00007fbdeec3a420>:0x00007fbdf4a07e68>
Did you mean?  @questions):
    1: <h1>Listing security questions</h1>
    2: <td><%= link_to 'New', new_question_path(question) %></td>
    3:  
    4: <table>
    5:   <tr>
  
app/views/questions/index.html.erb:2:in `_app_views_questions_index_html_erb__3598959770152290758_70226871634600'
Started GET "/questions" for 127.0.0.1 at 2018-10-27 14:45:05 +0100
Processing by QuestionsController#index as HTML
  Rendering questions/index.html.erb within layouts/application
  [1m[36mQuestion Load (0.3ms)[0m  [1m[34mSELECT "questions".* FROM "questions"[0m
  Rendered questions/index.html.erb within layouts/application (1.8ms)
Completed 200 OK in 20ms (Views: 18.2ms | ActiveRecord: 0.3ms)


Started GET "/questions/new" for 127.0.0.1 at 2018-10-27 14:45:07 +0100
Processing by QuestionsController#new as HTML
  Rendering questions/new.html.erb within layouts/application
  Rendered questions/_form.html.erb (2.3ms)
  Rendered questions/new.html.erb within layouts/application (5.0ms)
Completed 200 OK in 28ms (Views: 25.4ms | ActiveRecord: 0.0ms)


